2021-11-22T02:23:12.144+0200 [DEBUG] [org.gradle.launcher.daemon.bootstrap.DaemonMain] Assuming the daemon was started with following jvm opts: [--add-opens, java.base/java.util=ALL-UNNAMED, --add-opens, java.base/java.lang=ALL-UNNAMED, --add-opens, java.base/java.lang.invoke=ALL-UNNAMED, --add-opens, java.base/java.util=ALL-UNNAMED, --add-opens, java.prefs/java.util.prefs=ALL-UNNAMED, --add-opens, java.prefs/java.util.prefs=ALL-UNNAMED, --add-opens, java.base/java.nio.charset=ALL-UNNAMED, --add-opens, java.base/java.net=ALL-UNNAMED, --add-opens, java.base/java.util.concurrent.atomic=ALL-UNNAMED, -Xmx2048m, -Dfile.encoding=UTF-8, -Duser.country=US, -Duser.language=en, -Duser.variant]
2021-11-22T02:23:12.360+0200 [DEBUG] [org.gradle.internal.nativeintegration.services.NativeServices] Native-platform posix files integration is not available. Continuing with fallback.
2021-11-22T02:23:12.377+0200 [INFO] [org.gradle.launcher.daemon.server.Daemon] start() called on daemon - DefaultDaemonContext[uid=cec3d588-d2ee-4704-a791-4621d690c879,javaHome=C:\Program Files\Android\Android Studio\jre,daemonRegistryDir=C:\Users\Mr.Mohamed Saeed\Desktop\my projects\MohammedSaeed\RunningTrackerApp\daemon,pid=12904,idleTimeout=10800000,priority=NORMAL,daemonOpts=--add-opens,java.base/java.util=ALL-UNNAMED,--add-opens,java.base/java.lang=ALL-UNNAMED,--add-opens,java.base/java.lang.invoke=ALL-UNNAMED,--add-opens,java.base/java.util=ALL-UNNAMED,--add-opens,java.prefs/java.util.prefs=ALL-UNNAMED,--add-opens,java.prefs/java.util.prefs=ALL-UNNAMED,--add-opens,java.base/java.nio.charset=ALL-UNNAMED,--add-opens,java.base/java.net=ALL-UNNAMED,--add-opens,java.base/java.util.concurrent.atomic=ALL-UNNAMED,-Xmx2048m,-Dfile.encoding=UTF-8,-Duser.country=US,-Duser.language=en,-Duser.variant]
2021-11-22T02:23:12.816+0200 [DEBUG] [org.gradle.internal.remote.internal.inet.InetAddresses] Adding IP addresses for network interface Software Loopback Interface 1
2021-11-22T02:23:12.819+0200 [DEBUG] [org.gradle.internal.remote.internal.inet.InetAddresses] Is this a loopback interface? true
2021-11-22T02:23:12.819+0200 [DEBUG] [org.gradle.internal.remote.internal.inet.InetAddresses] Adding loopback address /127.0.0.1
2021-11-22T02:23:12.819+0200 [DEBUG] [org.gradle.internal.remote.internal.inet.InetAddresses] Adding loopback address /0:0:0:0:0:0:0:1
2021-11-22T02:23:12.823+0200 [DEBUG] [org.gradle.internal.remote.internal.inet.InetAddresses] Adding IP addresses for network interface Microsoft 6to4 Adapter
2021-11-22T02:23:12.826+0200 [DEBUG] [org.gradle.internal.remote.internal.inet.InetAddresses] Is this a loopback interface? false
2021-11-22T02:23:12.826+0200 [DEBUG] [org.gradle.internal.remote.internal.inet.InetAddresses] Adding IP addresses for network interface Microsoft Wi-Fi Direct Virtual Adapter #2
2021-11-22T02:23:12.829+0200 [DEBUG] [org.gradle.internal.remote.internal.inet.InetAddresses] Is this a loopback interface? false
2021-11-22T02:23:12.829+0200 [DEBUG] [org.gradle.internal.remote.internal.inet.InetAddresses] Adding IP addresses for network interface WAN Miniport (SSTP)
2021-11-22T02:23:12.832+0200 [DEBUG] [org.gradle.internal.remote.internal.inet.InetAddresses] Is this a loopback interface? false
2021-11-22T02:23:12.832+0200 [DEBUG] [org.gradle.internal.remote.internal.inet.InetAddresses] Adding IP addresses for network interface Microsoft IP-HTTPS Platform Adapter
2021-11-22T02:23:12.834+0200 [DEBUG] [org.gradle.internal.remote.internal.inet.InetAddresses] Is this a loopback interface? false
2021-11-22T02:23:12.835+0200 [DEBUG] [org.gradle.internal.remote.internal.inet.InetAddresses] Adding IP addresses for network interface WAN Miniport (PPPOE)
2021-11-22T02:23:12.837+0200 [DEBUG] [org.gradle.internal.remote.internal.inet.InetAddresses] Is this a loopback interface? false
2021-11-22T02:23:12.838+0200 [DEBUG] [org.gradle.internal.remote.internal.inet.InetAddresses] Adding IP addresses for network interface WAN Miniport (IP)
2021-11-22T02:23:12.840+0200 [DEBUG] [org.gradle.internal.remote.internal.inet.InetAddresses] Is this a loopback interface? false
2021-11-22T02:23:12.841+0200 [DEBUG] [org.gradle.internal.remote.internal.inet.InetAddresses] Adding IP addresses for network interface Bluetooth Device (Personal Area Network)
2021-11-22T02:23:12.843+0200 [DEBUG] [org.gradle.internal.remote.internal.inet.InetAddresses] Is this a loopback interface? false
2021-11-22T02:23:12.844+0200 [DEBUG] [org.gradle.internal.remote.internal.inet.InetAddresses] Adding remote address /fe80:0:0:0:4038:ef6b:df3:3697%eth1
2021-11-22T02:23:12.844+0200 [DEBUG] [org.gradle.internal.remote.internal.inet.InetAddresses] Adding IP addresses for network interface Microsoft Kernel Debug Network Adapter
2021-11-22T02:23:12.846+0200 [DEBUG] [org.gradle.internal.remote.internal.inet.InetAddresses] Is this a loopback interface? false
2021-11-22T02:23:12.847+0200 [DEBUG] [org.gradle.internal.remote.internal.inet.InetAddresses] Adding IP addresses for network interface Intel(R) Centrino(R) Advanced-N 6205
2021-11-22T02:23:12.849+0200 [DEBUG] [org.gradle.internal.remote.internal.inet.InetAddresses] Is this a loopback interface? false
2021-11-22T02:23:12.849+0200 [DEBUG] [org.gradle.internal.remote.internal.inet.InetAddresses] Adding remote address /192.168.1.2
2021-11-22T02:23:12.850+0200 [DEBUG] [org.gradle.internal.remote.internal.inet.InetAddresses] Adding IP addresses for network interface Microsoft Teredo Tunneling Adapter
2021-11-22T02:23:12.852+0200 [DEBUG] [org.gradle.internal.remote.internal.inet.InetAddresses] Is this a loopback interface? false
2021-11-22T02:23:12.852+0200 [DEBUG] [org.gradle.internal.remote.internal.inet.InetAddresses] Adding IP addresses for network interface WAN Miniport (IKEv2)
2021-11-22T02:23:12.855+0200 [DEBUG] [org.gradle.internal.remote.internal.inet.InetAddresses] Is this a loopback interface? false
2021-11-22T02:23:12.855+0200 [DEBUG] [org.gradle.internal.remote.internal.inet.InetAddresses] Adding IP addresses for network interface RAS Async Adapter
2021-11-22T02:23:12.858+0200 [DEBUG] [org.gradle.internal.remote.internal.inet.InetAddresses] Is this a loopback interface? false
2021-11-22T02:23:12.858+0200 [DEBUG] [org.gradle.internal.remote.internal.inet.InetAddresses] Adding IP addresses for network interface WAN Miniport (L2TP)
2021-11-22T02:23:12.861+0200 [DEBUG] [org.gradle.internal.remote.internal.inet.InetAddresses] Is this a loopback interface? false
2021-11-22T02:23:12.861+0200 [DEBUG] [org.gradle.internal.remote.internal.inet.InetAddresses] Adding IP addresses for network interface WAN Miniport (IPv6)
2021-11-22T02:23:12.864+0200 [DEBUG] [org.gradle.internal.remote.internal.inet.InetAddresses] Is this a loopback interface? false
2021-11-22T02:23:12.864+0200 [DEBUG] [org.gradle.internal.remote.internal.inet.InetAddresses] Adding IP addresses for network interface WAN Miniport (PPTP)
2021-11-22T02:23:12.867+0200 [DEBUG] [org.gradle.internal.remote.internal.inet.InetAddresses] Is this a loopback interface? false
2021-11-22T02:23:12.867+0200 [DEBUG] [org.gradle.internal.remote.internal.inet.InetAddresses] Adding IP addresses for network interface Microsoft Kernel Debug Network Adapter
2021-11-22T02:23:12.870+0200 [DEBUG] [org.gradle.internal.remote.internal.inet.InetAddresses] Is this a loopback interface? false
2021-11-22T02:23:12.870+0200 [DEBUG] [org.gradle.internal.remote.internal.inet.InetAddresses] Adding IP addresses for network interface WAN Miniport (Network Monitor)
2021-11-22T02:23:12.873+0200 [DEBUG] [org.gradle.internal.remote.internal.inet.InetAddresses] Is this a loopback interface? false
2021-11-22T02:23:12.873+0200 [DEBUG] [org.gradle.internal.remote.internal.inet.InetAddresses] Adding IP addresses for network interface Intel(R) 82579LM Gigabit Network Connection
2021-11-22T02:23:12.876+0200 [DEBUG] [org.gradle.internal.remote.internal.inet.InetAddresses] Is this a loopback interface? false
2021-11-22T02:23:12.876+0200 [DEBUG] [org.gradle.internal.remote.internal.inet.InetAddresses] Adding IP addresses for network interface Microsoft Wi-Fi Direct Virtual Adapter
2021-11-22T02:23:12.878+0200 [DEBUG] [org.gradle.internal.remote.internal.inet.InetAddresses] Is this a loopback interface? false
2021-11-22T02:23:12.879+0200 [DEBUG] [org.gradle.internal.remote.internal.inet.InetAddresses] Adding IP addresses for network interface Intel(R) 82579LM Gigabit Network Connection-WFP Native MAC Layer LightWeight Filter-0000
2021-11-22T02:23:12.881+0200 [DEBUG] [org.gradle.internal.remote.internal.inet.InetAddresses] Is this a loopback interface? false
2021-11-22T02:23:12.881+0200 [DEBUG] [org.gradle.internal.remote.internal.inet.InetAddresses] Adding IP addresses for network interface Intel(R) 82579LM Gigabit Network Connection-QoS Packet Scheduler-0000
2021-11-22T02:23:12.884+0200 [DEBUG] [org.gradle.internal.remote.internal.inet.InetAddresses] Is this a loopback interface? false
2021-11-22T02:23:12.884+0200 [DEBUG] [org.gradle.internal.remote.internal.inet.InetAddresses] Adding IP addresses for network interface Intel(R) 82579LM Gigabit Network Connection-WFP 802.3 MAC Layer LightWeight Filter-0000
2021-11-22T02:23:12.886+0200 [DEBUG] [org.gradle.internal.remote.internal.inet.InetAddresses] Is this a loopback interface? false
2021-11-22T02:23:12.887+0200 [DEBUG] [org.gradle.internal.remote.internal.inet.InetAddresses] Adding IP addresses for network interface Intel(R) Centrino(R) Advanced-N 6205-WFP Native MAC Layer LightWeight Filter-0000
2021-11-22T02:23:12.889+0200 [DEBUG] [org.gradle.internal.remote.internal.inet.InetAddresses] Is this a loopback interface? false
2021-11-22T02:23:12.889+0200 [DEBUG] [org.gradle.internal.remote.internal.inet.InetAddresses] Adding IP addresses for network interface Intel(R) Centrino(R) Advanced-N 6205-Virtual WiFi Filter Driver-0000
2021-11-22T02:23:12.892+0200 [DEBUG] [org.gradle.internal.remote.internal.inet.InetAddresses] Is this a loopback interface? false
2021-11-22T02:23:12.892+0200 [DEBUG] [org.gradle.internal.remote.internal.inet.InetAddresses] Adding IP addresses for network interface Intel(R) Centrino(R) Advanced-N 6205-Native WiFi Filter Driver-0000
2021-11-22T02:23:12.895+0200 [DEBUG] [org.gradle.internal.remote.internal.inet.InetAddresses] Is this a loopback interface? false
2021-11-22T02:23:12.895+0200 [DEBUG] [org.gradle.internal.remote.internal.inet.InetAddresses] Adding IP addresses for network interface Intel(R) Centrino(R) Advanced-N 6205-QoS Packet Scheduler-0000
2021-11-22T02:23:12.897+0200 [DEBUG] [org.gradle.internal.remote.internal.inet.InetAddresses] Is this a loopback interface? false
2021-11-22T02:23:12.898+0200 [DEBUG] [org.gradle.internal.remote.internal.inet.InetAddresses] Adding IP addresses for network interface Intel(R) Centrino(R) Advanced-N 6205-WFP 802.3 MAC Layer LightWeight Filter-0000
2021-11-22T02:23:12.900+0200 [DEBUG] [org.gradle.internal.remote.internal.inet.InetAddresses] Is this a loopback interface? false
2021-11-22T02:23:12.900+0200 [DEBUG] [org.gradle.internal.remote.internal.inet.InetAddresses] Adding IP addresses for network interface Microsoft Wi-Fi Direct Virtual Adapter-WFP Native MAC Layer LightWeight Filter-0000
2021-11-22T02:23:12.903+0200 [DEBUG] [org.gradle.internal.remote.internal.inet.InetAddresses] Is this a loopback interface? false
2021-11-22T02:23:12.903+0200 [DEBUG] [org.gradle.internal.remote.internal.inet.InetAddresses] Adding IP addresses for network interface Microsoft Wi-Fi Direct Virtual Adapter-Native WiFi Filter Driver-0000
2021-11-22T02:23:12.906+0200 [DEBUG] [org.gradle.internal.remote.internal.inet.InetAddresses] Is this a loopback interface? false
2021-11-22T02:23:12.906+0200 [DEBUG] [org.gradle.internal.remote.internal.inet.InetAddresses] Adding IP addresses for network interface Microsoft Wi-Fi Direct Virtual Adapter-QoS Packet Scheduler-0000
2021-11-22T02:23:12.908+0200 [DEBUG] [org.gradle.internal.remote.internal.inet.InetAddresses] Is this a loopback interface? false
2021-11-22T02:23:12.909+0200 [DEBUG] [org.gradle.internal.remote.internal.inet.InetAddresses] Adding IP addresses for network interface Microsoft Wi-Fi Direct Virtual Adapter-WFP 802.3 MAC Layer LightWeight Filter-0000
2021-11-22T02:23:12.911+0200 [DEBUG] [org.gradle.internal.remote.internal.inet.InetAddresses] Is this a loopback interface? false
2021-11-22T02:23:12.911+0200 [DEBUG] [org.gradle.internal.remote.internal.inet.InetAddresses] Adding IP addresses for network interface WAN Miniport (IP)-WFP Native MAC Layer LightWeight Filter-0000
2021-11-22T02:23:12.914+0200 [DEBUG] [org.gradle.internal.remote.internal.inet.InetAddresses] Is this a loopback interface? false
2021-11-22T02:23:12.914+0200 [DEBUG] [org.gradle.internal.remote.internal.inet.InetAddresses] Adding IP addresses for network interface WAN Miniport (IP)-QoS Packet Scheduler-0000
2021-11-22T02:23:12.916+0200 [DEBUG] [org.gradle.internal.remote.internal.inet.InetAddresses] Is this a loopback interface? false
2021-11-22T02:23:12.916+0200 [DEBUG] [org.gradle.internal.remote.internal.inet.InetAddresses] Adding IP addresses for network interface WAN Miniport (IPv6)-WFP Native MAC Layer LightWeight Filter-0000
2021-11-22T02:23:12.919+0200 [DEBUG] [org.gradle.internal.remote.internal.inet.InetAddresses] Is this a loopback interface? false
2021-11-22T02:23:12.919+0200 [DEBUG] [org.gradle.internal.remote.internal.inet.InetAddresses] Adding IP addresses for network interface WAN Miniport (IPv6)-QoS Packet Scheduler-0000
2021-11-22T02:23:12.921+0200 [DEBUG] [org.gradle.internal.remote.internal.inet.InetAddresses] Is this a loopback interface? false
2021-11-22T02:23:12.922+0200 [DEBUG] [org.gradle.internal.remote.internal.inet.InetAddresses] Adding IP addresses for network interface WAN Miniport (Network Monitor)-WFP Native MAC Layer LightWeight Filter-0000
2021-11-22T02:23:12.925+0200 [DEBUG] [org.gradle.internal.remote.internal.inet.InetAddresses] Is this a loopback interface? false
2021-11-22T02:23:12.925+0200 [DEBUG] [org.gradle.internal.remote.internal.inet.InetAddresses] Adding IP addresses for network interface WAN Miniport (Network Monitor)-QoS Packet Scheduler-0000
2021-11-22T02:23:12.927+0200 [DEBUG] [org.gradle.internal.remote.internal.inet.InetAddresses] Is this a loopback interface? false
2021-11-22T02:23:12.928+0200 [DEBUG] [org.gradle.internal.remote.internal.inet.InetAddresses] Adding IP addresses for network interface Microsoft Wi-Fi Direct Virtual Adapter #2-WFP Native MAC Layer LightWeight Filter-0000
2021-11-22T02:23:12.930+0200 [DEBUG] [org.gradle.internal.remote.internal.inet.InetAddresses] Is this a loopback interface? false
2021-11-22T02:23:12.931+0200 [DEBUG] [org.gradle.internal.remote.internal.inet.InetAddresses] Adding IP addresses for network interface Microsoft Wi-Fi Direct Virtual Adapter #2-Native WiFi Filter Driver-0000
2021-11-22T02:23:12.933+0200 [DEBUG] [org.gradle.internal.remote.internal.inet.InetAddresses] Is this a loopback interface? false
2021-11-22T02:23:12.933+0200 [DEBUG] [org.gradle.internal.remote.internal.inet.InetAddresses] Adding IP addresses for network interface Microsoft Wi-Fi Direct Virtual Adapter #2-QoS Packet Scheduler-0000
2021-11-22T02:23:12.936+0200 [DEBUG] [org.gradle.internal.remote.internal.inet.InetAddresses] Is this a loopback interface? false
2021-11-22T02:23:12.936+0200 [DEBUG] [org.gradle.internal.remote.internal.inet.InetAddresses] Adding IP addresses for network interface Microsoft Wi-Fi Direct Virtual Adapter #2-WFP 802.3 MAC Layer LightWeight Filter-0000
2021-11-22T02:23:12.938+0200 [DEBUG] [org.gradle.internal.remote.internal.inet.InetAddresses] Is this a loopback interface? false
2021-11-22T02:23:12.942+0200 [DEBUG] [org.gradle.internal.remote.internal.inet.TcpIncomingConnector] Listening on [35914039-cbc1-4ddc-9f71-40750a8310ab port:59359, addresses:[localhost/127.0.0.1]].
2021-11-22T02:23:12.952+0200 [DEBUG] [org.gradle.launcher.daemon.server.Daemon] Daemon starting at: Mon Nov 22 02:23:12 EET 2021, with address: [35914039-cbc1-4ddc-9f71-40750a8310ab port:59359, addresses:[localhost/127.0.0.1]]
2021-11-22T02:23:12.953+0200 [INFO] [org.gradle.launcher.daemon.server.DaemonRegistryUpdater] Advertising the daemon address to the clients: [35914039-cbc1-4ddc-9f71-40750a8310ab port:59359, addresses:[localhost/127.0.0.1]]
2021-11-22T02:23:12.953+0200 [DEBUG] [org.gradle.launcher.daemon.server.DaemonRegistryUpdater] Advertised daemon context: DefaultDaemonContext[uid=cec3d588-d2ee-4704-a791-4621d690c879,javaHome=C:\Program Files\Android\Android Studio\jre,daemonRegistryDir=C:\Users\Mr.Mohamed Saeed\Desktop\my projects\MohammedSaeed\RunningTrackerApp\daemon,pid=12904,idleTimeout=10800000,priority=NORMAL,daemonOpts=--add-opens,java.base/java.util=ALL-UNNAMED,--add-opens,java.base/java.lang=ALL-UNNAMED,--add-opens,java.base/java.lang.invoke=ALL-UNNAMED,--add-opens,java.base/java.util=ALL-UNNAMED,--add-opens,java.prefs/java.util.prefs=ALL-UNNAMED,--add-opens,java.prefs/java.util.prefs=ALL-UNNAMED,--add-opens,java.base/java.nio.charset=ALL-UNNAMED,--add-opens,java.base/java.net=ALL-UNNAMED,--add-opens,java.base/java.util.concurrent.atomic=ALL-UNNAMED,-Xmx2048m,-Dfile.encoding=UTF-8,-Duser.country=US,-Duser.language=en,-Duser.variant]
2021-11-22T02:23:12.954+0200 [DEBUG] [org.gradle.launcher.daemon.registry.PersistentDaemonRegistry] Storing daemon address: [35914039-cbc1-4ddc-9f71-40750a8310ab port:59359, addresses:[localhost/127.0.0.1]], context: DefaultDaemonContext[uid=cec3d588-d2ee-4704-a791-4621d690c879,javaHome=C:\Program Files\Android\Android Studio\jre,daemonRegistryDir=C:\Users\Mr.Mohamed Saeed\Desktop\my projects\MohammedSaeed\RunningTrackerApp\daemon,pid=12904,idleTimeout=10800000,priority=NORMAL,daemonOpts=--add-opens,java.base/java.util=ALL-UNNAMED,--add-opens,java.base/java.lang=ALL-UNNAMED,--add-opens,java.base/java.lang.invoke=ALL-UNNAMED,--add-opens,java.base/java.util=ALL-UNNAMED,--add-opens,java.prefs/java.util.prefs=ALL-UNNAMED,--add-opens,java.prefs/java.util.prefs=ALL-UNNAMED,--add-opens,java.base/java.nio.charset=ALL-UNNAMED,--add-opens,java.base/java.net=ALL-UNNAMED,--add-opens,java.base/java.util.concurrent.atomic=ALL-UNNAMED,-Xmx2048m,-Dfile.encoding=UTF-8,-Duser.country=US,-Duser.language=en,-Duser.variant]
2021-11-22T02:23:12.965+0200 [DEBUG] [org.gradle.cache.internal.DefaultFileLockManager] Waiting to acquire exclusive lock on daemon addresses registry.
2021-11-22T02:23:12.969+0200 [DEBUG] [org.gradle.cache.internal.DefaultFileLockManager] Lock acquired on daemon addresses registry.
2021-11-22T02:23:12.976+0200 [DEBUG] [org.gradle.cache.internal.DefaultFileLockManager] Releasing lock on daemon addresses registry.
2021-11-22T02:23:12.977+0200 [LIFECYCLE] [org.gradle.launcher.daemon.server.Daemon] Daemon server started.
2021-11-22T02:23:12.978+0200 [DEBUG] [org.gradle.launcher.daemon.bootstrap.DaemonStartupCommunication] Completed writing the daemon greeting. Closing streams...
2021-11-22T02:23:12.984+0200 [DEBUG] [org.gradle.launcher.daemon.server.Daemon] stopOnExpiration() called on daemon
2021-11-22T02:23:12.985+0200 [DEBUG] [org.gradle.launcher.daemon.server.Daemon] awaitExpiration() called on daemon
2021-11-22T02:23:12.986+0200 [DEBUG] [org.gradle.launcher.daemon.server.DaemonStateCoordinator] daemon is running. Sleeping until state changes.
2021-11-22T02:23:12.991+0200 [DEBUG] [org.gradle.internal.remote.internal.inet.TcpIncomingConnector] Accepted connection from /127.0.0.1:59360 to /127.0.0.1:59359.
2021-11-22T02:23:13.086+0200 [DEBUG] [org.gradle.launcher.daemon.server.SynchronizedDispatchConnection] thread 20: received class org.gradle.launcher.daemon.protocol.Build
2021-11-22T02:23:13.086+0200 [DEBUG] [org.gradle.launcher.daemon.server.DefaultDaemonConnection] thread 20: Received non-IO message from client: Build{id=2b93f1a8-3373-4230-b12e-1c5a36ab6f67, currentDir=C:\Users\Mr.Mohamed Saeed\Desktop\my projects\MohammedSaeed\RunningTrackerApp}
2021-11-22T02:23:13.087+0200 [INFO] [org.gradle.launcher.daemon.server.DefaultIncomingConnectionHandler] Received command: Build{id=2b93f1a8-3373-4230-b12e-1c5a36ab6f67, currentDir=C:\Users\Mr.Mohamed Saeed\Desktop\my projects\MohammedSaeed\RunningTrackerApp}.
2021-11-22T02:23:13.087+0200 [DEBUG] [org.gradle.launcher.daemon.server.DefaultIncomingConnectionHandler] Starting executing command: Build{id=2b93f1a8-3373-4230-b12e-1c5a36ab6f67, currentDir=C:\Users\Mr.Mohamed Saeed\Desktop\my projects\MohammedSaeed\RunningTrackerApp} with connection: socket connection from /127.0.0.1:59359 to /127.0.0.1:59360.
2021-11-22T02:23:13.091+0200 [DEBUG] [org.gradle.launcher.daemon.server.DaemonStateCoordinator] Command execution: started DaemonCommandExecution[command = Build{id=2b93f1a8-3373-4230-b12e-1c5a36ab6f67, currentDir=C:\Users\Mr.Mohamed Saeed\Desktop\my projects\MohammedSaeed\RunningTrackerApp}, connection = DefaultDaemonConnection: socket connection from /127.0.0.1:59359 to /127.0.0.1:59360] after 0.0 minutes of idle
2021-11-22T02:23:13.091+0200 [INFO] [org.gradle.launcher.daemon.server.DaemonRegistryUpdater] Marking the daemon as busy, address: [35914039-cbc1-4ddc-9f71-40750a8310ab port:59359, addresses:[localhost/127.0.0.1]]
2021-11-22T02:23:13.092+0200 [DEBUG] [org.gradle.launcher.daemon.registry.PersistentDaemonRegistry] Marking busy by address: [35914039-cbc1-4ddc-9f71-40750a8310ab port:59359, addresses:[localhost/127.0.0.1]]
2021-11-22T02:23:13.093+0200 [DEBUG] [org.gradle.cache.internal.DefaultFileLockManager] Waiting to acquire exclusive lock on daemon addresses registry.
2021-11-22T02:23:13.094+0200 [DEBUG] [org.gradle.cache.internal.DefaultFileLockManager] Lock acquired on daemon addresses registry.
2021-11-22T02:23:13.096+0200 [DEBUG] [org.gradle.cache.internal.DefaultFileLockManager] Releasing lock on daemon addresses registry.
2021-11-22T02:23:13.096+0200 [DEBUG] [org.gradle.launcher.daemon.server.DaemonStateCoordinator] resetting idle timer
2021-11-22T02:23:13.097+0200 [DEBUG] [org.gradle.launcher.daemon.server.DaemonStateCoordinator] daemon is running. Sleeping until state changes.
2021-11-22T02:23:13.098+0200 [INFO] [org.gradle.launcher.daemon.server.exec.StartBuildOrRespondWithBusy] Daemon is about to start building Build{id=2b93f1a8-3373-4230-b12e-1c5a36ab6f67, currentDir=C:\Users\Mr.Mohamed Saeed\Desktop\my projects\MohammedSaeed\RunningTrackerApp}. Dispatching build started information...
2021-11-22T02:23:13.098+0200 [DEBUG] [org.gradle.launcher.daemon.server.SynchronizedDispatchConnection] thread 22: dispatching org.gradle.launcher.daemon.protocol.BuildStarted@58133227
2021-11-22T02:23:13.101+0200 [DEBUG] [org.gradle.launcher.daemon.server.exec.EstablishBuildEnvironment] Configuring env variables: [USERDOMAIN_ROAMINGPROFILE, =W:, LOCALAPPDATA, PROCESSOR_LEVEL, USERDOMAIN, LOGONSERVER, FPS_BROWSER_APP_PROFILE_STRING, JAVA_HOME, SESSIONNAME, ALLUSERSPROFILE, PROCESSOR_ARCHITECTURE, PSModulePath, SystemDrive, OneDrive, APPDATA, USERNAME, ProgramFiles(x86), CommonProgramFiles, Path, FPS_BROWSER_USER_PROFILE_STRING, PATHEXT, DART_SDK, DriverData, OS, COMPUTERNAME, IntelliJ IDEA Community Edition, PROCESSOR_REVISION, CommonProgramW6432, ComSpec, PTSMINSTALLPATH_X86, ProgramData, ProgramW6432, SystemRoot, HOMEPATH, TEMP, PROCESSOR_IDENTIFIER, HOMEDRIVE, USERPROFILE, TMP, CommonProgramFiles(x86), PUBLIC, ProgramFiles, windir, NUMBER_OF_PROCESSORS, =::, IDEA_INITIAL_DIRECTORY]
2021-11-22T02:23:13.103+0200 [DEBUG] [org.gradle.launcher.daemon.server.SynchronizedDispatchConnection] thread 20: received class org.gradle.launcher.daemon.protocol.CloseInput
2021-11-22T02:23:13.104+0200 [DEBUG] [org.gradle.launcher.daemon.server.DefaultDaemonConnection] thread 20: Received IO message from client: org.gradle.launcher.daemon.protocol.CloseInput@4dfcecd2
2021-11-22T02:23:13.110+0200 [DEBUG] [org.gradle.launcher.daemon.server.exec.LogToClient] About to start relaying all logs to the client via the connection.
2021-11-22T02:23:13.110+0200 [INFO] [org.gradle.launcher.daemon.server.exec.LogToClient] The client will now receive all logging from the daemon (pid: 12904). The daemon log file: C:\Users\Mr.Mohamed Saeed\Desktop\my projects\MohammedSaeed\RunningTrackerApp\daemon\7.0.2\daemon-12904.out.log
2021-11-22T02:23:13.113+0200 [INFO] [org.gradle.launcher.daemon.server.exec.LogAndCheckHealth] Starting build in new daemon [memory: 2 GiB]
2021-11-22T02:23:13.115+0200 [INFO] [org.gradle.launcher.daemon.server.exec.ForwardClientInput] Closing daemon's stdin at end of input.
2021-11-22T02:23:13.115+0200 [INFO] [org.gradle.launcher.daemon.server.exec.ForwardClientInput] The daemon will no longer process any standard input.
2021-11-22T02:23:13.121+0200 [DEBUG] [org.gradle.launcher.daemon.server.exec.ExecuteBuild] The daemon has started executing the build.
2021-11-22T02:23:13.122+0200 [DEBUG] [org.gradle.launcher.daemon.server.exec.ExecuteBuild] Executing build with daemon context: DefaultDaemonContext[uid=cec3d588-d2ee-4704-a791-4621d690c879,javaHome=C:\Program Files\Android\Android Studio\jre,daemonRegistryDir=C:\Users\Mr.Mohamed Saeed\Desktop\my projects\MohammedSaeed\RunningTrackerApp\daemon,pid=12904,idleTimeout=10800000,priority=NORMAL,daemonOpts=--add-opens,java.base/java.util=ALL-UNNAMED,--add-opens,java.base/java.lang=ALL-UNNAMED,--add-opens,java.base/java.lang.invoke=ALL-UNNAMED,--add-opens,java.base/java.util=ALL-UNNAMED,--add-opens,java.prefs/java.util.prefs=ALL-UNNAMED,--add-opens,java.prefs/java.util.prefs=ALL-UNNAMED,--add-opens,java.base/java.nio.charset=ALL-UNNAMED,--add-opens,java.base/java.net=ALL-UNNAMED,--add-opens,java.base/java.util.concurrent.atomic=ALL-UNNAMED,-Xmx2048m,-Dfile.encoding=UTF-8,-Duser.country=US,-Duser.language=en,-Duser.variant]
Warning: The 'kotlin-android-extensions' Gradle plugin is deprecated. Please use this migration guide (https://goo.gle/kotlin-android-extensions-deprecation) to start working with View Binding (https://developer.android.com/topic/libraries/view-binding) and the 'kotlin-parcelize' plugin.

BUILD SUCCESSFUL in 16s
3 actionable tasks: 2 executed, 1 up-to-date
2021-11-22T02:23:25.926+0200 [DEBUG] [org.gradle.launcher.daemon.server.exec.ExecuteBuild] The daemon has finished executing the build.
2021-11-22T02:23:25.938+0200 [DEBUG] [org.gradle.launcher.daemon.server.DaemonStateCoordinator] daemon is running. Sleeping until state changes.
2021-11-22T02:23:25.939+0200 [DEBUG] [org.gradle.launcher.daemon.server.DaemonStateCoordinator] Command execution: finished waiting for DaemonCommandExecution[command = Build{id=2b93f1a8-3373-4230-b12e-1c5a36ab6f67, currentDir=C:\Users\Mr.Mohamed Saeed\Desktop\my projects\MohammedSaeed\RunningTrackerApp}, connection = DefaultDaemonConnection: socket connection from /127.0.0.1:59359 to /127.0.0.1:59360]. Result org.gradle.launcher.daemon.server.DaemonStateCoordinator@5b85184e with state Busy
2021-11-22T02:23:25.939+0200 [DEBUG] [org.gradle.launcher.daemon.server.DaemonStateCoordinator] Command execution: completed DaemonCommandExecution[command = Build{id=2b93f1a8-3373-4230-b12e-1c5a36ab6f67, currentDir=C:\Users\Mr.Mohamed Saeed\Desktop\my projects\MohammedSaeed\RunningTrackerApp}, connection = DefaultDaemonConnection: socket connection from /127.0.0.1:59359 to /127.0.0.1:59360]
2021-11-22T02:23:25.939+0200 [DEBUG] [org.gradle.launcher.daemon.server.DaemonStateCoordinator] resetting idle timer
2021-11-22T02:23:25.939+0200 [INFO] [org.gradle.launcher.daemon.server.DaemonRegistryUpdater] Marking the daemon as idle, address: [35914039-cbc1-4ddc-9f71-40750a8310ab port:59359, addresses:[localhost/127.0.0.1]]
2021-11-22T02:23:25.939+0200 [DEBUG] [org.gradle.launcher.daemon.registry.PersistentDaemonRegistry] Marking busy by address: [35914039-cbc1-4ddc-9f71-40750a8310ab port:59359, addresses:[localhost/127.0.0.1]]
2021-11-22T02:23:25.941+0200 [DEBUG] [org.gradle.cache.internal.DefaultFileLockManager] Waiting to acquire exclusive lock on daemon addresses registry.
2021-11-22T02:23:25.942+0200 [DEBUG] [org.gradle.cache.internal.DefaultFileLockManager] Lock acquired on daemon addresses registry.
2021-11-22T02:23:25.943+0200 [DEBUG] [org.gradle.cache.internal.DefaultFileLockManager] Releasing lock on daemon addresses registry.
2021-11-22T02:23:25.944+0200 [DEBUG] [org.gradle.launcher.daemon.server.DaemonStateCoordinator] daemon is running. Sleeping until state changes.
2021-11-22T02:23:25.944+0200 [DEBUG] [org.gradle.launcher.daemon.server.exec.ReturnResult] Daemon is dispatching the build result: Success[value=org.gradle.launcher.exec.BuildActionResult@4f567ac3]
2021-11-22T02:23:25.945+0200 [DEBUG] [org.gradle.launcher.daemon.server.SynchronizedDispatchConnection] thread 19: dispatching Success[value=org.gradle.launcher.exec.BuildActionResult@4f567ac3]
2021-11-22T02:23:25.945+0200 [DEBUG] [org.gradle.launcher.daemon.server.DefaultIncomingConnectionHandler] Finishing executing command: Build{id=2b93f1a8-3373-4230-b12e-1c5a36ab6f67, currentDir=C:\Users\Mr.Mohamed Saeed\Desktop\my projects\MohammedSaeed\RunningTrackerApp}
2021-11-22T02:23:25.947+0200 [DEBUG] [org.gradle.launcher.daemon.server.SynchronizedDispatchConnection] thread 20: received class org.gradle.launcher.daemon.protocol.Finished
2021-11-22T02:23:25.947+0200 [DEBUG] [org.gradle.launcher.daemon.server.DefaultDaemonConnection] thread 20: Received non-IO message from client: org.gradle.launcher.daemon.protocol.Finished@559915b0
2021-11-22T02:23:25.948+0200 [DEBUG] [org.gradle.launcher.daemon.server.DefaultIncomingConnectionHandler] Received finished message: org.gradle.launcher.daemon.protocol.Finished@559915b0
2021-11-22T02:23:25.948+0200 [DEBUG] [org.gradle.launcher.daemon.server.SynchronizedDispatchConnection] thread 19: stopping connection
2021-11-22T02:23:25.948+0200 [DEBUG] [org.gradle.internal.remote.internal.inet.SocketConnection] Discarding EOFException: java.io.EOFException
2021-11-22T02:23:25.949+0200 [DEBUG] [org.gradle.launcher.daemon.server.SynchronizedDispatchConnection] thread 20: received null
2021-11-22T02:23:25.949+0200 [DEBUG] [org.gradle.launcher.daemon.server.DefaultDaemonConnection] thread 20: Received end-of-input from client.
2021-11-22T02:23:25.950+0200 [DEBUG] [org.gradle.launcher.daemon.server.SynchronizedDispatchConnection] thread 19: stopping connection
2021-11-22T02:23:32.989+0200 [DEBUG] [org.gradle.cache.internal.DefaultFileLockManager] Waiting to acquire shared lock on daemon addresses registry.
2021-11-22T02:23:32.990+0200 [DEBUG] [org.gradle.cache.internal.DefaultFileLockManager] Lock acquired on daemon addresses registry.
2021-11-22T02:23:32.992+0200 [DEBUG] [org.gradle.cache.internal.DefaultFileLockManager] Releasing lock on daemon addresses registry.
2021-11-22T02:23:32.998+0200 [DEBUG] [org.gradle.cache.internal.DefaultFileLockManager] Waiting to acquire shared lock on daemon addresses registry.
2021-11-22T02:23:32.999+0200 [DEBUG] [org.gradle.cache.internal.DefaultFileLockManager] Lock acquired on daemon addresses registry.
2021-11-22T02:23:33.000+0200 [DEBUG] [org.gradle.cache.internal.DefaultFileLockManager] Releasing lock on daemon addresses registry.
2021-11-22T02:23:42.988+0200 [DEBUG] [org.gradle.cache.internal.DefaultFileLockManager] Waiting to acquire shared lock on daemon addresses registry.
2021-11-22T02:23:42.989+0200 [DEBUG] [org.gradle.cache.internal.DefaultFileLockManager] Lock acquired on daemon addresses registry.
2021-11-22T02:23:42.990+0200 [DEBUG] [org.gradle.cache.internal.DefaultFileLockManager] Releasing lock on daemon addresses registry.
2021-11-22T02:23:42.995+0200 [DEBUG] [org.gradle.cache.internal.DefaultFileLockManager] Waiting to acquire shared lock on daemon addresses registry.
2021-11-22T02:23:42.996+0200 [DEBUG] [org.gradle.cache.internal.DefaultFileLockManager] Lock acquired on daemon addresses registry.
2021-11-22T02:23:42.997+0200 [DEBUG] [org.gradle.cache.internal.DefaultFileLockManager] Releasing lock on daemon addresses registry.
2021-11-22T02:23:43.000+0200 [DEBUG] [org.gradle.cache.internal.DefaultFileLockManager] Waiting to acquire shared lock on daemon addresses registry.
2021-11-22T02:23:43.001+0200 [DEBUG] [org.gradle.cache.internal.DefaultFileLockManager] Lock acquired on daemon addresses registry.
2021-11-22T02:23:43.003+0200 [DEBUG] [org.gradle.cache.internal.DefaultFileLockManager] Releasing lock on daemon addresses registry.
2021-11-22T02:23:51.140+0200 [DEBUG] [org.gradle.internal.remote.internal.inet.TcpIncomingConnector] Accepted connection from /127.0.0.1:59365 to /127.0.0.1:59359.
2021-11-22T02:23:51.148+0200 [DEBUG] [org.gradle.launcher.daemon.server.SynchronizedDispatchConnection] thread 66: received class org.gradle.launcher.daemon.protocol.StopWhenIdle
2021-11-22T02:23:51.149+0200 [DEBUG] [org.gradle.launcher.daemon.server.DefaultDaemonConnection] thread 66: Received non-IO message from client: StopWhenIdle[id=6c6f633c-606c-4fb8-bc36-cd6accce6bd0]
2021-11-22T02:23:51.149+0200 [INFO] [org.gradle.launcher.daemon.server.DefaultIncomingConnectionHandler] Received command: StopWhenIdle[id=6c6f633c-606c-4fb8-bc36-cd6accce6bd0].
2021-11-22T02:23:51.149+0200 [DEBUG] [org.gradle.launcher.daemon.server.DefaultIncomingConnectionHandler] Starting executing command: StopWhenIdle[id=6c6f633c-606c-4fb8-bc36-cd6accce6bd0] with connection: socket connection from /127.0.0.1:59359 to /127.0.0.1:59365.
2021-11-22T02:23:51.150+0200 [DEBUG] [org.gradle.launcher.daemon.server.DaemonRegistryUpdater] Storing daemon stop event: stop command received
2021-11-22T02:23:51.150+0200 [DEBUG] [org.gradle.launcher.daemon.registry.PersistentDaemonRegistry] Storing daemon stop event with timestamp 1637540631151
2021-11-22T02:23:51.152+0200 [DEBUG] [org.gradle.cache.internal.DefaultFileLockManager] Waiting to acquire exclusive lock on daemon addresses registry.
2021-11-22T02:23:51.152+0200 [DEBUG] [org.gradle.cache.internal.DefaultFileLockManager] Lock acquired on daemon addresses registry.
2021-11-22T02:23:51.154+0200 [DEBUG] [org.gradle.cache.internal.DefaultFileLockManager] Releasing lock on daemon addresses registry.
2021-11-22T02:23:51.155+0200 [LIFECYCLE] [org.gradle.launcher.daemon.server.DaemonStateCoordinator] Daemon will be stopped at the end of the build stop command received
2021-11-22T02:23:51.155+0200 [DEBUG] [org.gradle.launcher.daemon.server.DaemonStateCoordinator] Marking daemon stopped due to stop command received. The daemon is running a build: false
2021-11-22T02:23:51.156+0200 [DEBUG] [org.gradle.launcher.daemon.server.DaemonStateCoordinator] daemon has stopped.
2021-11-22T02:23:51.156+0200 [DEBUG] [org.gradle.launcher.daemon.server.SynchronizedDispatchConnection] thread 19: dispatching Success[value=null]
2021-11-22T02:23:51.156+0200 [DEBUG] [org.gradle.launcher.daemon.server.Daemon] stop() called on daemon
2021-11-22T02:23:51.156+0200 [INFO] [org.gradle.launcher.daemon.server.Daemon] Stop requested. Daemon is removing its presence from the registry...
2021-11-22T02:23:51.156+0200 [DEBUG] [org.gradle.launcher.daemon.server.DefaultIncomingConnectionHandler] Finishing executing command: StopWhenIdle[id=6c6f633c-606c-4fb8-bc36-cd6accce6bd0]
2021-11-22T02:23:51.157+0200 [DEBUG] [org.gradle.launcher.daemon.server.SynchronizedDispatchConnection] thread 66: received class org.gradle.launcher.daemon.protocol.Finished
2021-11-22T02:23:51.157+0200 [DEBUG] [org.gradle.launcher.daemon.server.DaemonRegistryUpdater] Removing our presence to clients, eg. removing this address from the registry: [35914039-cbc1-4ddc-9f71-40750a8310ab port:59359, addresses:[localhost/127.0.0.1]]
2021-11-22T02:23:51.157+0200 [DEBUG] [org.gradle.launcher.daemon.server.DefaultDaemonConnection] thread 66: Received non-IO message from client: org.gradle.launcher.daemon.protocol.Finished@3ba3e451
2021-11-22T02:23:51.157+0200 [DEBUG] [org.gradle.launcher.daemon.registry.PersistentDaemonRegistry] Removing daemon address: [35914039-cbc1-4ddc-9f71-40750a8310ab port:59359, addresses:[localhost/127.0.0.1]]
2021-11-22T02:23:51.158+0200 [DEBUG] [org.gradle.internal.remote.internal.inet.SocketConnection] Discarding EOFException: java.io.EOFException
2021-11-22T02:23:51.158+0200 [DEBUG] [org.gradle.launcher.daemon.server.DefaultIncomingConnectionHandler] Received finished message: org.gradle.launcher.daemon.protocol.Finished@3ba3e451
2021-11-22T02:23:51.158+0200 [DEBUG] [org.gradle.launcher.daemon.server.SynchronizedDispatchConnection] thread 66: received null
2021-11-22T02:23:51.159+0200 [DEBUG] [org.gradle.launcher.daemon.server.DefaultDaemonConnection] thread 66: Received end-of-input from client.
2021-11-22T02:23:51.158+0200 [DEBUG] [org.gradle.launcher.daemon.server.SynchronizedDispatchConnection] thread 19: stopping connection
2021-11-22T02:23:51.159+0200 [DEBUG] [org.gradle.cache.internal.DefaultFileLockManager] Waiting to acquire exclusive lock on daemon addresses registry.
2021-11-22T02:23:51.161+0200 [DEBUG] [org.gradle.launcher.daemon.server.SynchronizedDispatchConnection] thread 19: stopping connection
2021-11-22T02:23:51.161+0200 [DEBUG] [org.gradle.cache.internal.DefaultFileLockManager] Lock acquired on daemon addresses registry.
2021-11-22T02:23:51.163+0200 [DEBUG] [org.gradle.cache.internal.DefaultFileLockManager] Releasing lock on daemon addresses registry.
2021-11-22T02:23:51.164+0200 [DEBUG] [org.gradle.launcher.daemon.server.DaemonRegistryUpdater] Address removed from registry.
2021-11-22T02:23:51.166+0200 [DEBUG] [org.gradle.cache.internal.LockOnDemandCrossProcessCacheAccess] Releasing file lock for jars (C:\Users\Mr.Mohamed Saeed\Desktop\my projects\MohammedSaeed\RunningTrackerApp\caches\jars-8)
2021-11-22T02:23:51.166+0200 [DEBUG] [org.gradle.cache.internal.DefaultFileLockManager] Releasing lock on jars (C:\Users\Mr.Mohamed Saeed\Desktop\my projects\MohammedSaeed\RunningTrackerApp\caches\jars-8).
2021-11-22T02:23:51.168+0200 [DEBUG] [org.gradle.cache.internal.DefaultPersistentDirectoryStore] jars (C:\Users\Mr.Mohamed Saeed\Desktop\my projects\MohammedSaeed\RunningTrackerApp\caches\jars-8) has last been fully cleaned up 1 hours ago
2021-11-22T02:23:51.186+0200 [DEBUG] [org.gradle.cache.internal.LockOnDemandCrossProcessCacheAccess] Releasing file lock for file content cache (C:\Users\Mr.Mohamed Saeed\Desktop\my projects\MohammedSaeed\RunningTrackerApp\caches\7.0.2\fileContent)
2021-11-22T02:23:51.186+0200 [DEBUG] [org.gradle.cache.internal.DefaultFileLockManager] Releasing lock on file content cache (C:\Users\Mr.Mohamed Saeed\Desktop\my projects\MohammedSaeed\RunningTrackerApp\caches\7.0.2\fileContent).
2021-11-22T02:23:51.190+0200 [DEBUG] [org.gradle.internal.watch.registry.impl.DefaultFileWatcherRegistry] Finished listening to file system change events
2021-11-22T02:23:51.191+0200 [DEBUG] [org.gradle.cache.internal.DefaultPersistentDirectoryStore] Artifact transforms cache (C:\Users\Mr.Mohamed Saeed\Desktop\my projects\MohammedSaeed\RunningTrackerApp\caches\transforms-3) has last been fully cleaned up 1 hours ago
2021-11-22T02:23:51.191+0200 [DEBUG] [org.gradle.cache.internal.DefaultCacheAccess] Cache Artifact transforms cache (C:\Users\Mr.Mohamed Saeed\Desktop\my projects\MohammedSaeed\RunningTrackerApp\caches\transforms-3) was closed 0 times.
2021-11-22T02:23:51.192+0200 [DEBUG] [org.gradle.cache.internal.LockOnDemandCrossProcessCacheAccess] Releasing file lock for artifact cache (C:\Users\Mr.Mohamed Saeed\Desktop\my projects\MohammedSaeed\RunningTrackerApp\caches\modules-2)
2021-11-22T02:23:51.192+0200 [DEBUG] [org.gradle.cache.internal.btree.BTreePersistentIndexedCache] Closing cache module-metadata.bin (C:\Users\Mr.Mohamed Saeed\Desktop\my projects\MohammedSaeed\RunningTrackerApp\caches\modules-2\metadata-2.97\module-metadata.bin)
2021-11-22T02:23:51.193+0200 [DEBUG] [org.gradle.cache.internal.btree.BTreePersistentIndexedCache] Closing cache module-artifact.bin (C:\Users\Mr.Mohamed Saeed\Desktop\my projects\MohammedSaeed\RunningTrackerApp\caches\modules-2\metadata-2.97\module-artifact.bin)
2021-11-22T02:23:51.193+0200 [DEBUG] [org.gradle.cache.internal.DefaultFileLockManager] Releasing lock on artifact cache (C:\Users\Mr.Mohamed Saeed\Desktop\my projects\MohammedSaeed\RunningTrackerApp\caches\modules-2).
2021-11-22T02:23:51.195+0200 [DEBUG] [org.gradle.cache.internal.DefaultPersistentDirectoryStore] artifact cache (C:\Users\Mr.Mohamed Saeed\Desktop\my projects\MohammedSaeed\RunningTrackerApp\caches\modules-2) has last been fully cleaned up 1 hours ago
2021-11-22T02:23:51.196+0200 [DEBUG] [org.gradle.cache.internal.LockOnDemandCrossProcessCacheAccess] Releasing file lock for journal cache (C:\Users\Mr.Mohamed Saeed\Desktop\my projects\MohammedSaeed\RunningTrackerApp\caches\journal-1)
2021-11-22T02:23:51.196+0200 [DEBUG] [org.gradle.cache.internal.btree.BTreePersistentIndexedCache] Closing cache file-access.bin (C:\Users\Mr.Mohamed Saeed\Desktop\my projects\MohammedSaeed\RunningTrackerApp\caches\journal-1\file-access.bin)
2021-11-22T02:23:51.196+0200 [DEBUG] [org.gradle.cache.internal.DefaultFileLockManager] Releasing lock on journal cache (C:\Users\Mr.Mohamed Saeed\Desktop\my projects\MohammedSaeed\RunningTrackerApp\caches\journal-1).
2021-11-22T02:23:51.198+0200 [DEBUG] [org.gradle.cache.internal.DefaultCacheAccess] Cache Generated Gradle JARs cache (C:\Users\Mr.Mohamed Saeed\Desktop\my projects\MohammedSaeed\RunningTrackerApp\caches\7.0.2\generated-gradle-jars) was closed 0 times.
2021-11-22T02:23:51.198+0200 [DEBUG] [org.gradle.cache.internal.LockOnDemandCrossProcessCacheAccess] Releasing file lock for file hash cache (C:\Users\Mr.Mohamed Saeed\Desktop\my projects\MohammedSaeed\RunningTrackerApp\caches\7.0.2\fileHashes)
2021-11-22T02:23:51.199+0200 [DEBUG] [org.gradle.cache.internal.btree.BTreePersistentIndexedCache] Closing cache fileHashes.bin (C:\Users\Mr.Mohamed Saeed\Desktop\my projects\MohammedSaeed\RunningTrackerApp\caches\7.0.2\fileHashes\fileHashes.bin)
2021-11-22T02:23:51.199+0200 [DEBUG] [org.gradle.cache.internal.btree.BTreePersistentIndexedCache] Closing cache resourceHashesCache.bin (C:\Users\Mr.Mohamed Saeed\Desktop\my projects\MohammedSaeed\RunningTrackerApp\caches\7.0.2\fileHashes\resourceHashesCache.bin)
2021-11-22T02:23:51.199+0200 [DEBUG] [org.gradle.cache.internal.DefaultFileLockManager] Releasing lock on file hash cache (C:\Users\Mr.Mohamed Saeed\Desktop\my projects\MohammedSaeed\RunningTrackerApp\caches\7.0.2\fileHashes).
2021-11-22T02:23:51.201+0200 [DEBUG] [org.gradle.cache.internal.LockOnDemandCrossProcessCacheAccess] Releasing file lock for execution history cache (C:\Users\Mr.Mohamed Saeed\Desktop\my projects\MohammedSaeed\RunningTrackerApp\caches\7.0.2\executionHistory)
2021-11-22T02:23:51.201+0200 [DEBUG] [org.gradle.cache.internal.DefaultFileLockManager] Releasing lock on execution history cache (C:\Users\Mr.Mohamed Saeed\Desktop\my projects\MohammedSaeed\RunningTrackerApp\caches\7.0.2\executionHistory).
Daemon vm is shutting down... The daemon has exited normally or was terminated in response to a user interrupt.
2021-11-22T02:23:51.204+0200 [DEBUG] [org.gradle.launcher.daemon.registry.PersistentDaemonRegistry] Removing daemon address: [35914039-cbc1-4ddc-9f71-40750a8310ab port:59359, addresses:[localhost/127.0.0.1]]
2021-11-22T02:23:51.205+0200 [DEBUG] [org.gradle.cache.internal.DefaultFileLockManager] Waiting to acquire exclusive lock on daemon addresses registry.
2021-11-22T02:23:51.205+0200 [DEBUG] [org.gradle.cache.internal.DefaultFileLockManager] Lock acquired on daemon addresses registry.
2021-11-22T02:23:51.207+0200 [DEBUG] [org.gradle.cache.internal.DefaultFileLockManager] Releasing lock on daemon addresses registry.
