2021-12-09T02:24:25.160+0200 [DEBUG] [org.gradle.launcher.daemon.bootstrap.DaemonMain] Assuming the daemon was started with following jvm opts: [-Xmx2048m, -Dfile.encoding=UTF-8, -Duser.country=US, -Duser.language=en, -Duser.variant]
2021-12-09T02:24:25.682+0200 [DEBUG] [org.gradle.internal.nativeintegration.services.NativeServices] Native-platform posix files integration is not available. Continuing with fallback.
2021-12-09T02:24:25.712+0200 [INFO] [org.gradle.launcher.daemon.server.Daemon] start() called on daemon - DefaultDaemonContext[uid=e5f78c90-bb25-46e1-b3ff-a52d4dfadc1b,javaHome=C:\Program Files\Java\jdk1.8.0_221,daemonRegistryDir=C:\Users\Mr.Mohamed Saeed\Desktop\my projects\MohammedSaeed\RunningTrackerApp\daemon,pid=8108,idleTimeout=10800000,priority=NORMAL,daemonOpts=-Xmx2048m,-Dfile.encoding=UTF-8,-Duser.country=US,-Duser.language=en,-Duser.variant]
2021-12-09T02:24:26.689+0200 [DEBUG] [org.gradle.internal.remote.internal.inet.InetAddresses] Adding IP addresses for network interface Software Loopback Interface 1
2021-12-09T02:24:26.693+0200 [DEBUG] [org.gradle.internal.remote.internal.inet.InetAddresses] Is this a loopback interface? true
2021-12-09T02:24:26.695+0200 [DEBUG] [org.gradle.internal.remote.internal.inet.InetAddresses] Adding loopback address /127.0.0.1
2021-12-09T02:24:26.695+0200 [DEBUG] [org.gradle.internal.remote.internal.inet.InetAddresses] Adding loopback address /0:0:0:0:0:0:0:1
2021-12-09T02:24:26.731+0200 [DEBUG] [org.gradle.internal.remote.internal.inet.InetAddresses] Adding IP addresses for network interface Microsoft 6to4 Adapter
2021-12-09T02:24:26.735+0200 [DEBUG] [org.gradle.internal.remote.internal.inet.InetAddresses] Is this a loopback interface? false
2021-12-09T02:24:26.735+0200 [DEBUG] [org.gradle.internal.remote.internal.inet.InetAddresses] Adding IP addresses for network interface Microsoft Wi-Fi Direct Virtual Adapter #2
2021-12-09T02:24:26.739+0200 [DEBUG] [org.gradle.internal.remote.internal.inet.InetAddresses] Is this a loopback interface? false
2021-12-09T02:24:26.739+0200 [DEBUG] [org.gradle.internal.remote.internal.inet.InetAddresses] Adding IP addresses for network interface WAN Miniport (SSTP)
2021-12-09T02:24:26.743+0200 [DEBUG] [org.gradle.internal.remote.internal.inet.InetAddresses] Is this a loopback interface? false
2021-12-09T02:24:26.743+0200 [DEBUG] [org.gradle.internal.remote.internal.inet.InetAddresses] Adding IP addresses for network interface Microsoft IP-HTTPS Platform Adapter
2021-12-09T02:24:26.747+0200 [DEBUG] [org.gradle.internal.remote.internal.inet.InetAddresses] Is this a loopback interface? false
2021-12-09T02:24:26.748+0200 [DEBUG] [org.gradle.internal.remote.internal.inet.InetAddresses] Adding IP addresses for network interface WAN Miniport (PPPOE)
2021-12-09T02:24:26.752+0200 [DEBUG] [org.gradle.internal.remote.internal.inet.InetAddresses] Is this a loopback interface? false
2021-12-09T02:24:26.752+0200 [DEBUG] [org.gradle.internal.remote.internal.inet.InetAddresses] Adding IP addresses for network interface WAN Miniport (IP)
2021-12-09T02:24:26.756+0200 [DEBUG] [org.gradle.internal.remote.internal.inet.InetAddresses] Is this a loopback interface? false
2021-12-09T02:24:26.756+0200 [DEBUG] [org.gradle.internal.remote.internal.inet.InetAddresses] Adding IP addresses for network interface Bluetooth Device (Personal Area Network)
2021-12-09T02:24:26.760+0200 [DEBUG] [org.gradle.internal.remote.internal.inet.InetAddresses] Is this a loopback interface? false
2021-12-09T02:24:26.760+0200 [DEBUG] [org.gradle.internal.remote.internal.inet.InetAddresses] Adding remote address /fe80:0:0:0:4038:ef6b:df3:3697%eth1
2021-12-09T02:24:26.761+0200 [DEBUG] [org.gradle.internal.remote.internal.inet.InetAddresses] Adding IP addresses for network interface Microsoft Kernel Debug Network Adapter
2021-12-09T02:24:26.764+0200 [DEBUG] [org.gradle.internal.remote.internal.inet.InetAddresses] Is this a loopback interface? false
2021-12-09T02:24:26.765+0200 [DEBUG] [org.gradle.internal.remote.internal.inet.InetAddresses] Adding IP addresses for network interface Intel(R) Centrino(R) Advanced-N 6205
2021-12-09T02:24:26.769+0200 [DEBUG] [org.gradle.internal.remote.internal.inet.InetAddresses] Is this a loopback interface? false
2021-12-09T02:24:26.770+0200 [DEBUG] [org.gradle.internal.remote.internal.inet.InetAddresses] Adding remote address /192.168.1.2
2021-12-09T02:24:26.770+0200 [DEBUG] [org.gradle.internal.remote.internal.inet.InetAddresses] Adding IP addresses for network interface Hyper-V Virtual Switch Extension Adapter
2021-12-09T02:24:26.773+0200 [DEBUG] [org.gradle.internal.remote.internal.inet.InetAddresses] Is this a loopback interface? false
2021-12-09T02:24:26.774+0200 [DEBUG] [org.gradle.internal.remote.internal.inet.InetAddresses] Adding IP addresses for network interface Microsoft Teredo Tunneling Adapter
2021-12-09T02:24:26.777+0200 [DEBUG] [org.gradle.internal.remote.internal.inet.InetAddresses] Is this a loopback interface? false
2021-12-09T02:24:26.778+0200 [DEBUG] [org.gradle.internal.remote.internal.inet.InetAddresses] Adding IP addresses for network interface WAN Miniport (IKEv2)
2021-12-09T02:24:26.781+0200 [DEBUG] [org.gradle.internal.remote.internal.inet.InetAddresses] Is this a loopback interface? false
2021-12-09T02:24:26.782+0200 [DEBUG] [org.gradle.internal.remote.internal.inet.InetAddresses] Adding IP addresses for network interface RAS Async Adapter
2021-12-09T02:24:26.785+0200 [DEBUG] [org.gradle.internal.remote.internal.inet.InetAddresses] Is this a loopback interface? false
2021-12-09T02:24:26.786+0200 [DEBUG] [org.gradle.internal.remote.internal.inet.InetAddresses] Adding IP addresses for network interface WAN Miniport (L2TP)
2021-12-09T02:24:26.790+0200 [DEBUG] [org.gradle.internal.remote.internal.inet.InetAddresses] Is this a loopback interface? false
2021-12-09T02:24:26.791+0200 [DEBUG] [org.gradle.internal.remote.internal.inet.InetAddresses] Adding IP addresses for network interface WAN Miniport (IPv6)
2021-12-09T02:24:26.794+0200 [DEBUG] [org.gradle.internal.remote.internal.inet.InetAddresses] Is this a loopback interface? false
2021-12-09T02:24:26.795+0200 [DEBUG] [org.gradle.internal.remote.internal.inet.InetAddresses] Adding IP addresses for network interface WAN Miniport (PPTP)
2021-12-09T02:24:26.798+0200 [DEBUG] [org.gradle.internal.remote.internal.inet.InetAddresses] Is this a loopback interface? false
2021-12-09T02:24:26.799+0200 [DEBUG] [org.gradle.internal.remote.internal.inet.InetAddresses] Adding IP addresses for network interface Microsoft Kernel Debug Network Adapter
2021-12-09T02:24:26.802+0200 [DEBUG] [org.gradle.internal.remote.internal.inet.InetAddresses] Is this a loopback interface? false
2021-12-09T02:24:26.803+0200 [DEBUG] [org.gradle.internal.remote.internal.inet.InetAddresses] Adding IP addresses for network interface Hyper-V Virtual Switch Extension Adapter-Hyper-V Virtual Switch Extension Filter-0000
2021-12-09T02:24:26.806+0200 [DEBUG] [org.gradle.internal.remote.internal.inet.InetAddresses] Is this a loopback interface? false
2021-12-09T02:24:26.807+0200 [DEBUG] [org.gradle.internal.remote.internal.inet.InetAddresses] Adding IP addresses for network interface WAN Miniport (Network Monitor)
2021-12-09T02:24:26.810+0200 [DEBUG] [org.gradle.internal.remote.internal.inet.InetAddresses] Is this a loopback interface? false
2021-12-09T02:24:26.810+0200 [DEBUG] [org.gradle.internal.remote.internal.inet.InetAddresses] Adding IP addresses for network interface Intel(R) 82579LM Gigabit Network Connection
2021-12-09T02:24:26.814+0200 [DEBUG] [org.gradle.internal.remote.internal.inet.InetAddresses] Is this a loopback interface? false
2021-12-09T02:24:26.814+0200 [DEBUG] [org.gradle.internal.remote.internal.inet.InetAddresses] Adding IP addresses for network interface Microsoft Wi-Fi Direct Virtual Adapter
2021-12-09T02:24:26.818+0200 [DEBUG] [org.gradle.internal.remote.internal.inet.InetAddresses] Is this a loopback interface? false
2021-12-09T02:24:26.818+0200 [DEBUG] [org.gradle.internal.remote.internal.inet.InetAddresses] Adding IP addresses for network interface Hyper-V Virtual Ethernet Adapter
2021-12-09T02:24:26.822+0200 [DEBUG] [org.gradle.internal.remote.internal.inet.InetAddresses] Is this a loopback interface? false
2021-12-09T02:24:26.822+0200 [DEBUG] [org.gradle.internal.remote.internal.inet.InetAddresses] Adding remote address /172.28.96.1
2021-12-09T02:24:26.822+0200 [DEBUG] [org.gradle.internal.remote.internal.inet.InetAddresses] Adding remote address /fe80:0:0:0:fc96:ab4e:f93f:42d4%eth9
2021-12-09T02:24:26.823+0200 [DEBUG] [org.gradle.internal.remote.internal.inet.InetAddresses] Adding IP addresses for network interface Intel(R) 82579LM Gigabit Network Connection-WFP Native MAC Layer LightWeight Filter-0000
2021-12-09T02:24:26.827+0200 [DEBUG] [org.gradle.internal.remote.internal.inet.InetAddresses] Is this a loopback interface? false
2021-12-09T02:24:26.827+0200 [DEBUG] [org.gradle.internal.remote.internal.inet.InetAddresses] Adding IP addresses for network interface Intel(R) 82579LM Gigabit Network Connection-QoS Packet Scheduler-0000
2021-12-09T02:24:26.830+0200 [DEBUG] [org.gradle.internal.remote.internal.inet.InetAddresses] Is this a loopback interface? false
2021-12-09T02:24:26.830+0200 [DEBUG] [org.gradle.internal.remote.internal.inet.InetAddresses] Adding IP addresses for network interface Intel(R) 82579LM Gigabit Network Connection-WFP 802.3 MAC Layer LightWeight Filter-0000
2021-12-09T02:24:26.834+0200 [DEBUG] [org.gradle.internal.remote.internal.inet.InetAddresses] Is this a loopback interface? false
2021-12-09T02:24:26.834+0200 [DEBUG] [org.gradle.internal.remote.internal.inet.InetAddresses] Adding IP addresses for network interface Hyper-V Virtual Ethernet Adapter-WFP Native MAC Layer LightWeight Filter-0000
2021-12-09T02:24:26.837+0200 [DEBUG] [org.gradle.internal.remote.internal.inet.InetAddresses] Is this a loopback interface? false
2021-12-09T02:24:26.838+0200 [DEBUG] [org.gradle.internal.remote.internal.inet.InetAddresses] Adding IP addresses for network interface Hyper-V Virtual Ethernet Adapter-QoS Packet Scheduler-0000
2021-12-09T02:24:26.842+0200 [DEBUG] [org.gradle.internal.remote.internal.inet.InetAddresses] Is this a loopback interface? false
2021-12-09T02:24:26.842+0200 [DEBUG] [org.gradle.internal.remote.internal.inet.InetAddresses] Adding IP addresses for network interface Hyper-V Virtual Ethernet Adapter-WFP 802.3 MAC Layer LightWeight Filter-0000
2021-12-09T02:24:26.845+0200 [DEBUG] [org.gradle.internal.remote.internal.inet.InetAddresses] Is this a loopback interface? false
2021-12-09T02:24:26.846+0200 [DEBUG] [org.gradle.internal.remote.internal.inet.InetAddresses] Adding IP addresses for network interface Intel(R) Centrino(R) Advanced-N 6205-WFP Native MAC Layer LightWeight Filter-0000
2021-12-09T02:24:26.849+0200 [DEBUG] [org.gradle.internal.remote.internal.inet.InetAddresses] Is this a loopback interface? false
2021-12-09T02:24:26.849+0200 [DEBUG] [org.gradle.internal.remote.internal.inet.InetAddresses] Adding IP addresses for network interface Intel(R) Centrino(R) Advanced-N 6205-Virtual WiFi Filter Driver-0000
2021-12-09T02:24:26.853+0200 [DEBUG] [org.gradle.internal.remote.internal.inet.InetAddresses] Is this a loopback interface? false
2021-12-09T02:24:26.854+0200 [DEBUG] [org.gradle.internal.remote.internal.inet.InetAddresses] Adding IP addresses for network interface Intel(R) Centrino(R) Advanced-N 6205-Native WiFi Filter Driver-0000
2021-12-09T02:24:26.858+0200 [DEBUG] [org.gradle.internal.remote.internal.inet.InetAddresses] Is this a loopback interface? false
2021-12-09T02:24:26.858+0200 [DEBUG] [org.gradle.internal.remote.internal.inet.InetAddresses] Adding IP addresses for network interface Intel(R) Centrino(R) Advanced-N 6205-QoS Packet Scheduler-0000
2021-12-09T02:24:26.862+0200 [DEBUG] [org.gradle.internal.remote.internal.inet.InetAddresses] Is this a loopback interface? false
2021-12-09T02:24:26.862+0200 [DEBUG] [org.gradle.internal.remote.internal.inet.InetAddresses] Adding IP addresses for network interface Intel(R) Centrino(R) Advanced-N 6205-WFP 802.3 MAC Layer LightWeight Filter-0000
2021-12-09T02:24:26.866+0200 [DEBUG] [org.gradle.internal.remote.internal.inet.InetAddresses] Is this a loopback interface? false
2021-12-09T02:24:26.866+0200 [DEBUG] [org.gradle.internal.remote.internal.inet.InetAddresses] Adding IP addresses for network interface Microsoft Wi-Fi Direct Virtual Adapter-WFP Native MAC Layer LightWeight Filter-0000
2021-12-09T02:24:26.870+0200 [DEBUG] [org.gradle.internal.remote.internal.inet.InetAddresses] Is this a loopback interface? false
2021-12-09T02:24:26.870+0200 [DEBUG] [org.gradle.internal.remote.internal.inet.InetAddresses] Adding IP addresses for network interface Microsoft Wi-Fi Direct Virtual Adapter-Native WiFi Filter Driver-0000
2021-12-09T02:24:26.873+0200 [DEBUG] [org.gradle.internal.remote.internal.inet.InetAddresses] Is this a loopback interface? false
2021-12-09T02:24:26.874+0200 [DEBUG] [org.gradle.internal.remote.internal.inet.InetAddresses] Adding IP addresses for network interface Microsoft Wi-Fi Direct Virtual Adapter-QoS Packet Scheduler-0000
2021-12-09T02:24:26.877+0200 [DEBUG] [org.gradle.internal.remote.internal.inet.InetAddresses] Is this a loopback interface? false
2021-12-09T02:24:26.878+0200 [DEBUG] [org.gradle.internal.remote.internal.inet.InetAddresses] Adding IP addresses for network interface Microsoft Wi-Fi Direct Virtual Adapter-WFP 802.3 MAC Layer LightWeight Filter-0000
2021-12-09T02:24:26.881+0200 [DEBUG] [org.gradle.internal.remote.internal.inet.InetAddresses] Is this a loopback interface? false
2021-12-09T02:24:26.881+0200 [DEBUG] [org.gradle.internal.remote.internal.inet.InetAddresses] Adding IP addresses for network interface WAN Miniport (IP)-WFP Native MAC Layer LightWeight Filter-0000
2021-12-09T02:24:26.885+0200 [DEBUG] [org.gradle.internal.remote.internal.inet.InetAddresses] Is this a loopback interface? false
2021-12-09T02:24:26.885+0200 [DEBUG] [org.gradle.internal.remote.internal.inet.InetAddresses] Adding IP addresses for network interface WAN Miniport (IP)-QoS Packet Scheduler-0000
2021-12-09T02:24:26.888+0200 [DEBUG] [org.gradle.internal.remote.internal.inet.InetAddresses] Is this a loopback interface? false
2021-12-09T02:24:26.888+0200 [DEBUG] [org.gradle.internal.remote.internal.inet.InetAddresses] Adding IP addresses for network interface WAN Miniport (IPv6)-WFP Native MAC Layer LightWeight Filter-0000
2021-12-09T02:24:26.892+0200 [DEBUG] [org.gradle.internal.remote.internal.inet.InetAddresses] Is this a loopback interface? false
2021-12-09T02:24:26.892+0200 [DEBUG] [org.gradle.internal.remote.internal.inet.InetAddresses] Adding IP addresses for network interface WAN Miniport (IPv6)-QoS Packet Scheduler-0000
2021-12-09T02:24:26.895+0200 [DEBUG] [org.gradle.internal.remote.internal.inet.InetAddresses] Is this a loopback interface? false
2021-12-09T02:24:26.896+0200 [DEBUG] [org.gradle.internal.remote.internal.inet.InetAddresses] Adding IP addresses for network interface WAN Miniport (Network Monitor)-WFP Native MAC Layer LightWeight Filter-0000
2021-12-09T02:24:26.899+0200 [DEBUG] [org.gradle.internal.remote.internal.inet.InetAddresses] Is this a loopback interface? false
2021-12-09T02:24:26.899+0200 [DEBUG] [org.gradle.internal.remote.internal.inet.InetAddresses] Adding IP addresses for network interface WAN Miniport (Network Monitor)-QoS Packet Scheduler-0000
2021-12-09T02:24:26.903+0200 [DEBUG] [org.gradle.internal.remote.internal.inet.InetAddresses] Is this a loopback interface? false
2021-12-09T02:24:26.903+0200 [DEBUG] [org.gradle.internal.remote.internal.inet.InetAddresses] Adding IP addresses for network interface Microsoft Wi-Fi Direct Virtual Adapter #2-WFP Native MAC Layer LightWeight Filter-0000
2021-12-09T02:24:26.906+0200 [DEBUG] [org.gradle.internal.remote.internal.inet.InetAddresses] Is this a loopback interface? false
2021-12-09T02:24:26.906+0200 [DEBUG] [org.gradle.internal.remote.internal.inet.InetAddresses] Adding IP addresses for network interface Microsoft Wi-Fi Direct Virtual Adapter #2-Native WiFi Filter Driver-0000
2021-12-09T02:24:26.910+0200 [DEBUG] [org.gradle.internal.remote.internal.inet.InetAddresses] Is this a loopback interface? false
2021-12-09T02:24:26.910+0200 [DEBUG] [org.gradle.internal.remote.internal.inet.InetAddresses] Adding IP addresses for network interface Microsoft Wi-Fi Direct Virtual Adapter #2-QoS Packet Scheduler-0000
2021-12-09T02:24:26.913+0200 [DEBUG] [org.gradle.internal.remote.internal.inet.InetAddresses] Is this a loopback interface? false
2021-12-09T02:24:26.914+0200 [DEBUG] [org.gradle.internal.remote.internal.inet.InetAddresses] Adding IP addresses for network interface Microsoft Wi-Fi Direct Virtual Adapter #2-WFP 802.3 MAC Layer LightWeight Filter-0000
2021-12-09T02:24:26.917+0200 [DEBUG] [org.gradle.internal.remote.internal.inet.InetAddresses] Is this a loopback interface? false
2021-12-09T02:24:26.941+0200 [DEBUG] [org.gradle.internal.remote.internal.inet.TcpIncomingConnector] Listening on [5b3b9b6c-ea39-4858-970c-a448d1d6dfbe port:61794, addresses:[localhost/127.0.0.1]].
2021-12-09T02:24:26.950+0200 [DEBUG] [org.gradle.launcher.daemon.server.Daemon] Daemon starting at: Thu Dec 09 02:24:26 EET 2021, with address: [5b3b9b6c-ea39-4858-970c-a448d1d6dfbe port:61794, addresses:[localhost/127.0.0.1]]
2021-12-09T02:24:26.951+0200 [INFO] [org.gradle.launcher.daemon.server.DaemonRegistryUpdater] Advertising the daemon address to the clients: [5b3b9b6c-ea39-4858-970c-a448d1d6dfbe port:61794, addresses:[localhost/127.0.0.1]]
2021-12-09T02:24:26.951+0200 [DEBUG] [org.gradle.launcher.daemon.server.DaemonRegistryUpdater] Advertised daemon context: DefaultDaemonContext[uid=e5f78c90-bb25-46e1-b3ff-a52d4dfadc1b,javaHome=C:\Program Files\Java\jdk1.8.0_221,daemonRegistryDir=C:\Users\Mr.Mohamed Saeed\Desktop\my projects\MohammedSaeed\RunningTrackerApp\daemon,pid=8108,idleTimeout=10800000,priority=NORMAL,daemonOpts=-Xmx2048m,-Dfile.encoding=UTF-8,-Duser.country=US,-Duser.language=en,-Duser.variant]
2021-12-09T02:24:26.953+0200 [DEBUG] [org.gradle.launcher.daemon.registry.PersistentDaemonRegistry] Storing daemon address: [5b3b9b6c-ea39-4858-970c-a448d1d6dfbe port:61794, addresses:[localhost/127.0.0.1]], context: DefaultDaemonContext[uid=e5f78c90-bb25-46e1-b3ff-a52d4dfadc1b,javaHome=C:\Program Files\Java\jdk1.8.0_221,daemonRegistryDir=C:\Users\Mr.Mohamed Saeed\Desktop\my projects\MohammedSaeed\RunningTrackerApp\daemon,pid=8108,idleTimeout=10800000,priority=NORMAL,daemonOpts=-Xmx2048m,-Dfile.encoding=UTF-8,-Duser.country=US,-Duser.language=en,-Duser.variant]
2021-12-09T02:24:26.969+0200 [DEBUG] [org.gradle.cache.internal.DefaultFileLockManager] Waiting to acquire exclusive lock on daemon addresses registry.
2021-12-09T02:24:26.974+0200 [DEBUG] [org.gradle.cache.internal.DefaultFileLockManager] Lock acquired on daemon addresses registry.
2021-12-09T02:24:26.982+0200 [DEBUG] [org.gradle.cache.internal.DefaultFileLockManager] Releasing lock on daemon addresses registry.
2021-12-09T02:24:26.983+0200 [LIFECYCLE] [org.gradle.launcher.daemon.server.Daemon] Daemon server started.
2021-12-09T02:24:26.985+0200 [DEBUG] [org.gradle.launcher.daemon.bootstrap.DaemonStartupCommunication] Completed writing the daemon greeting. Closing streams...
2021-12-09T02:24:26.997+0200 [DEBUG] [org.gradle.launcher.daemon.server.Daemon] stopOnExpiration() called on daemon
2021-12-09T02:24:26.998+0200 [DEBUG] [org.gradle.launcher.daemon.server.Daemon] awaitExpiration() called on daemon
2021-12-09T02:24:26.999+0200 [DEBUG] [org.gradle.launcher.daemon.server.DaemonStateCoordinator] daemon is running. Sleeping until state changes.
2021-12-09T02:24:27.003+0200 [DEBUG] [org.gradle.internal.remote.internal.inet.TcpIncomingConnector] Accepted connection from /127.0.0.1:61795 to /127.0.0.1:61794.
2021-12-09T02:24:27.166+0200 [DEBUG] [org.gradle.launcher.daemon.server.SynchronizedDispatchConnection] thread 18: received class org.gradle.launcher.daemon.protocol.Build
2021-12-09T02:24:27.167+0200 [DEBUG] [org.gradle.launcher.daemon.server.DefaultDaemonConnection] thread 18: Received non-IO message from client: Build{id=1c1a8e27-50a8-43bb-88a3-f7860589fa6c, currentDir=C:\Users\Mr.Mohamed Saeed\Desktop\my projects\MohammedSaeed\RunningTrackerApp}
2021-12-09T02:24:27.167+0200 [INFO] [org.gradle.launcher.daemon.server.DefaultIncomingConnectionHandler] Received command: Build{id=1c1a8e27-50a8-43bb-88a3-f7860589fa6c, currentDir=C:\Users\Mr.Mohamed Saeed\Desktop\my projects\MohammedSaeed\RunningTrackerApp}.
2021-12-09T02:24:27.168+0200 [DEBUG] [org.gradle.launcher.daemon.server.DefaultIncomingConnectionHandler] Starting executing command: Build{id=1c1a8e27-50a8-43bb-88a3-f7860589fa6c, currentDir=C:\Users\Mr.Mohamed Saeed\Desktop\my projects\MohammedSaeed\RunningTrackerApp} with connection: socket connection from /127.0.0.1:61794 to /127.0.0.1:61795.
2021-12-09T02:24:27.171+0200 [DEBUG] [org.gradle.launcher.daemon.server.DaemonStateCoordinator] Command execution: started DaemonCommandExecution[command = Build{id=1c1a8e27-50a8-43bb-88a3-f7860589fa6c, currentDir=C:\Users\Mr.Mohamed Saeed\Desktop\my projects\MohammedSaeed\RunningTrackerApp}, connection = DefaultDaemonConnection: socket connection from /127.0.0.1:61794 to /127.0.0.1:61795] after 0.0 minutes of idle
2021-12-09T02:24:27.172+0200 [INFO] [org.gradle.launcher.daemon.server.DaemonRegistryUpdater] Marking the daemon as busy, address: [5b3b9b6c-ea39-4858-970c-a448d1d6dfbe port:61794, addresses:[localhost/127.0.0.1]]
2021-12-09T02:24:27.172+0200 [DEBUG] [org.gradle.launcher.daemon.registry.PersistentDaemonRegistry] Marking busy by address: [5b3b9b6c-ea39-4858-970c-a448d1d6dfbe port:61794, addresses:[localhost/127.0.0.1]]
2021-12-09T02:24:27.174+0200 [DEBUG] [org.gradle.cache.internal.DefaultFileLockManager] Waiting to acquire exclusive lock on daemon addresses registry.
2021-12-09T02:24:27.175+0200 [DEBUG] [org.gradle.cache.internal.DefaultFileLockManager] Lock acquired on daemon addresses registry.
2021-12-09T02:24:27.186+0200 [DEBUG] [org.gradle.cache.internal.DefaultFileLockManager] Releasing lock on daemon addresses registry.
2021-12-09T02:24:27.187+0200 [DEBUG] [org.gradle.launcher.daemon.server.DaemonStateCoordinator] resetting idle timer
2021-12-09T02:24:27.187+0200 [DEBUG] [org.gradle.launcher.daemon.server.DaemonStateCoordinator] daemon is running. Sleeping until state changes.
2021-12-09T02:24:27.188+0200 [INFO] [org.gradle.launcher.daemon.server.exec.StartBuildOrRespondWithBusy] Daemon is about to start building Build{id=1c1a8e27-50a8-43bb-88a3-f7860589fa6c, currentDir=C:\Users\Mr.Mohamed Saeed\Desktop\my projects\MohammedSaeed\RunningTrackerApp}. Dispatching build started information...
2021-12-09T02:24:27.189+0200 [DEBUG] [org.gradle.launcher.daemon.server.SynchronizedDispatchConnection] thread 20: dispatching org.gradle.launcher.daemon.protocol.BuildStarted@27fae85
2021-12-09T02:24:27.194+0200 [DEBUG] [org.gradle.launcher.daemon.server.exec.EstablishBuildEnvironment] Configuring env variables: [USERDOMAIN_ROAMINGPROFILE, LOCALAPPDATA, PROCESSOR_LEVEL, USERDOMAIN, LOGONSERVER, FPS_BROWSER_APP_PROFILE_STRING, JAVA_HOME, SESSIONNAME, ALLUSERSPROFILE, PROCESSOR_ARCHITECTURE, PSModulePath, SystemDrive, CMDER, APPDATA, USERNAME, ProgramFiles(x86), CommonProgramFiles, Path, FPS_BROWSER_USER_PROFILE_STRING, PATHEXT, DriverData, OS, DART_SDK, COMPUTERNAME, IntelliJ IDEA Community Edition, PROCESSOR_REVISION, CommonProgramW6432, ComSpec, PTSMINSTALLPATH_X86, ProgramData, ProgramW6432, TEMP, SystemRoot, HOMEPATH, PROCESSOR_IDENTIFIER, HOMEDRIVE, USERPROFILE, TMP, CommonProgramFiles(x86), PUBLIC, ProgramFiles, windir, NUMBER_OF_PROCESSORS, =::, IDEA_INITIAL_DIRECTORY]
2021-12-09T02:24:27.197+0200 [DEBUG] [org.gradle.launcher.daemon.server.SynchronizedDispatchConnection] thread 18: received class org.gradle.launcher.daemon.protocol.CloseInput
2021-12-09T02:24:27.198+0200 [DEBUG] [org.gradle.launcher.daemon.server.DefaultDaemonConnection] thread 18: Received IO message from client: org.gradle.launcher.daemon.protocol.CloseInput@1bd48c43
2021-12-09T02:24:27.215+0200 [DEBUG] [org.gradle.launcher.daemon.server.exec.LogToClient] About to start relaying all logs to the client via the connection.
2021-12-09T02:24:27.215+0200 [INFO] [org.gradle.launcher.daemon.server.exec.LogToClient] The client will now receive all logging from the daemon (pid: 8108). The daemon log file: C:\Users\Mr.Mohamed Saeed\Desktop\my projects\MohammedSaeed\RunningTrackerApp\daemon\7.0.2\daemon-8108.out.log
2021-12-09T02:24:27.222+0200 [INFO] [org.gradle.launcher.daemon.server.exec.LogAndCheckHealth] Starting build in new daemon [memory: 1.7 GiB]
2021-12-09T02:24:27.225+0200 [INFO] [org.gradle.launcher.daemon.server.exec.ForwardClientInput] Closing daemon's stdin at end of input.
2021-12-09T02:24:27.225+0200 [INFO] [org.gradle.launcher.daemon.server.exec.ForwardClientInput] The daemon will no longer process any standard input.
2021-12-09T02:24:27.245+0200 [DEBUG] [org.gradle.launcher.daemon.server.exec.ExecuteBuild] The daemon has started executing the build.
2021-12-09T02:24:27.246+0200 [DEBUG] [org.gradle.launcher.daemon.server.exec.ExecuteBuild] Executing build with daemon context: DefaultDaemonContext[uid=e5f78c90-bb25-46e1-b3ff-a52d4dfadc1b,javaHome=C:\Program Files\Java\jdk1.8.0_221,daemonRegistryDir=C:\Users\Mr.Mohamed Saeed\Desktop\my projects\MohammedSaeed\RunningTrackerApp\daemon,pid=8108,idleTimeout=10800000,priority=NORMAL,daemonOpts=-Xmx2048m,-Dfile.encoding=UTF-8,-Duser.country=US,-Duser.language=en,-Duser.variant]

FAILURE: Build failed with an exception.

* Where:
Build file 'C:\Users\Mr.Mohamed Saeed\Desktop\my projects\MohammedSaeed\RunningTrackerApp\app\build.gradle' line: 2

* What went wrong:
An exception occurred applying plugin request [id: 'com.android.application']
> Failed to apply plugin 'com.android.internal.application'.
   > Android Gradle plugin requires Java 11 to run. You are currently using Java 1.8.
     You can try some of the following options:
       - changing the IDE settings.
       - changing the JAVA_HOME environment variable.
       - changing `org.gradle.java.home` in `gradle.properties`.

* Try:
Run with --stacktrace option to get the stack trace. Run with --info or --debug option to get more log output. Run with --scan to get full insights.

* Get more help at https://help.gradle.org

BUILD FAILED in 28s
2021-12-09T02:24:50.830+0200 [DEBUG] [org.gradle.launcher.daemon.server.exec.ExecuteBuild] The daemon has finished executing the build.
2021-12-09T02:24:50.847+0200 [DEBUG] [org.gradle.launcher.daemon.server.DaemonStateCoordinator] daemon is running. Sleeping until state changes.
2021-12-09T02:24:50.848+0200 [DEBUG] [org.gradle.launcher.daemon.server.DaemonStateCoordinator] Command execution: finished waiting for DaemonCommandExecution[command = Build{id=1c1a8e27-50a8-43bb-88a3-f7860589fa6c, currentDir=C:\Users\Mr.Mohamed Saeed\Desktop\my projects\MohammedSaeed\RunningTrackerApp}, connection = DefaultDaemonConnection: socket connection from /127.0.0.1:61794 to /127.0.0.1:61795]. Result org.gradle.launcher.daemon.server.DaemonStateCoordinator@634a02dc with state Busy
2021-12-09T02:24:50.848+0200 [DEBUG] [org.gradle.launcher.daemon.server.DaemonStateCoordinator] Command execution: completed DaemonCommandExecution[command = Build{id=1c1a8e27-50a8-43bb-88a3-f7860589fa6c, currentDir=C:\Users\Mr.Mohamed Saeed\Desktop\my projects\MohammedSaeed\RunningTrackerApp}, connection = DefaultDaemonConnection: socket connection from /127.0.0.1:61794 to /127.0.0.1:61795]
2021-12-09T02:24:50.848+0200 [DEBUG] [org.gradle.launcher.daemon.server.DaemonStateCoordinator] resetting idle timer
2021-12-09T02:24:50.849+0200 [INFO] [org.gradle.launcher.daemon.server.DaemonRegistryUpdater] Marking the daemon as idle, address: [5b3b9b6c-ea39-4858-970c-a448d1d6dfbe port:61794, addresses:[localhost/127.0.0.1]]
2021-12-09T02:24:50.849+0200 [DEBUG] [org.gradle.launcher.daemon.registry.PersistentDaemonRegistry] Marking busy by address: [5b3b9b6c-ea39-4858-970c-a448d1d6dfbe port:61794, addresses:[localhost/127.0.0.1]]
2021-12-09T02:24:50.850+0200 [DEBUG] [org.gradle.cache.internal.DefaultFileLockManager] Waiting to acquire exclusive lock on daemon addresses registry.
2021-12-09T02:24:50.851+0200 [DEBUG] [org.gradle.cache.internal.DefaultFileLockManager] Lock acquired on daemon addresses registry.
2021-12-09T02:24:50.853+0200 [DEBUG] [org.gradle.cache.internal.DefaultFileLockManager] Releasing lock on daemon addresses registry.
2021-12-09T02:24:50.854+0200 [DEBUG] [org.gradle.launcher.daemon.server.DaemonStateCoordinator] daemon is running. Sleeping until state changes.
2021-12-09T02:24:50.854+0200 [DEBUG] [org.gradle.launcher.daemon.server.exec.ReturnResult] Daemon is dispatching the build result: Success[value=org.gradle.launcher.exec.BuildActionResult@221ad47c]
2021-12-09T02:24:50.854+0200 [DEBUG] [org.gradle.launcher.daemon.server.SynchronizedDispatchConnection] thread 17: dispatching Success[value=org.gradle.launcher.exec.BuildActionResult@221ad47c]
2021-12-09T02:24:50.888+0200 [DEBUG] [org.gradle.launcher.daemon.server.DefaultIncomingConnectionHandler] Finishing executing command: Build{id=1c1a8e27-50a8-43bb-88a3-f7860589fa6c, currentDir=C:\Users\Mr.Mohamed Saeed\Desktop\my projects\MohammedSaeed\RunningTrackerApp}
2021-12-09T02:24:50.928+0200 [DEBUG] [org.gradle.launcher.daemon.server.SynchronizedDispatchConnection] thread 18: received class org.gradle.launcher.daemon.protocol.Finished
2021-12-09T02:24:50.929+0200 [DEBUG] [org.gradle.launcher.daemon.server.DefaultDaemonConnection] thread 18: Received non-IO message from client: org.gradle.launcher.daemon.protocol.Finished@5cc5d76b
2021-12-09T02:24:50.929+0200 [DEBUG] [org.gradle.launcher.daemon.server.DefaultIncomingConnectionHandler] Received finished message: org.gradle.launcher.daemon.protocol.Finished@5cc5d76b
2021-12-09T02:24:50.929+0200 [DEBUG] [org.gradle.launcher.daemon.server.SynchronizedDispatchConnection] thread 17: stopping connection
2021-12-09T02:24:50.931+0200 [DEBUG] [org.gradle.internal.remote.internal.inet.SocketConnection] Discarding EOFException: java.io.EOFException
2021-12-09T02:24:50.931+0200 [DEBUG] [org.gradle.launcher.daemon.server.SynchronizedDispatchConnection] thread 18: received null
2021-12-09T02:24:50.932+0200 [DEBUG] [org.gradle.launcher.daemon.server.DefaultDaemonConnection] thread 18: Received end-of-input from client.
2021-12-09T02:24:50.932+0200 [DEBUG] [org.gradle.launcher.daemon.server.SynchronizedDispatchConnection] thread 17: stopping connection
2021-12-09T02:24:57.012+0200 [DEBUG] [org.gradle.cache.internal.DefaultFileLockManager] Waiting to acquire shared lock on daemon addresses registry.
2021-12-09T02:24:57.012+0200 [DEBUG] [org.gradle.cache.internal.DefaultFileLockManager] Lock acquired on daemon addresses registry.
2021-12-09T02:24:57.013+0200 [DEBUG] [org.gradle.cache.internal.DefaultFileLockManager] Releasing lock on daemon addresses registry.
2021-12-09T02:24:57.015+0200 [DEBUG] [org.gradle.cache.internal.DefaultFileLockManager] Waiting to acquire shared lock on daemon addresses registry.
2021-12-09T02:24:57.015+0200 [DEBUG] [org.gradle.cache.internal.DefaultFileLockManager] Lock acquired on daemon addresses registry.
2021-12-09T02:24:57.016+0200 [DEBUG] [org.gradle.cache.internal.DefaultFileLockManager] Releasing lock on daemon addresses registry.
2021-12-09T02:25:07.011+0200 [DEBUG] [org.gradle.cache.internal.DefaultFileLockManager] Waiting to acquire shared lock on daemon addresses registry.
2021-12-09T02:25:07.011+0200 [DEBUG] [org.gradle.cache.internal.DefaultFileLockManager] Lock acquired on daemon addresses registry.
2021-12-09T02:25:07.012+0200 [DEBUG] [org.gradle.cache.internal.DefaultFileLockManager] Releasing lock on daemon addresses registry.
2021-12-09T02:25:07.013+0200 [DEBUG] [org.gradle.cache.internal.DefaultFileLockManager] Waiting to acquire shared lock on daemon addresses registry.
2021-12-09T02:25:07.014+0200 [DEBUG] [org.gradle.cache.internal.DefaultFileLockManager] Lock acquired on daemon addresses registry.
2021-12-09T02:25:07.014+0200 [DEBUG] [org.gradle.cache.internal.DefaultFileLockManager] Releasing lock on daemon addresses registry.
2021-12-09T02:25:07.015+0200 [DEBUG] [org.gradle.cache.internal.DefaultFileLockManager] Waiting to acquire shared lock on daemon addresses registry.
2021-12-09T02:25:07.016+0200 [DEBUG] [org.gradle.cache.internal.DefaultFileLockManager] Lock acquired on daemon addresses registry.
2021-12-09T02:25:07.016+0200 [DEBUG] [org.gradle.cache.internal.DefaultFileLockManager] Releasing lock on daemon addresses registry.
2021-12-09T02:25:17.002+0200 [DEBUG] [org.gradle.cache.internal.DefaultFileLockManager] Waiting to acquire shared lock on daemon addresses registry.
2021-12-09T02:25:17.003+0200 [DEBUG] [org.gradle.cache.internal.DefaultFileLockManager] Lock acquired on daemon addresses registry.
2021-12-09T02:25:17.003+0200 [DEBUG] [org.gradle.cache.internal.DefaultFileLockManager] Releasing lock on daemon addresses registry.
2021-12-09T02:25:17.005+0200 [DEBUG] [org.gradle.cache.internal.DefaultFileLockManager] Waiting to acquire shared lock on daemon addresses registry.
2021-12-09T02:25:17.005+0200 [DEBUG] [org.gradle.cache.internal.DefaultFileLockManager] Lock acquired on daemon addresses registry.
2021-12-09T02:25:17.005+0200 [DEBUG] [org.gradle.cache.internal.DefaultFileLockManager] Releasing lock on daemon addresses registry.
2021-12-09T02:25:17.006+0200 [DEBUG] [org.gradle.cache.internal.DefaultFileLockManager] Waiting to acquire shared lock on daemon addresses registry.
2021-12-09T02:25:17.007+0200 [DEBUG] [org.gradle.cache.internal.DefaultFileLockManager] Lock acquired on daemon addresses registry.
2021-12-09T02:25:17.007+0200 [DEBUG] [org.gradle.cache.internal.DefaultFileLockManager] Releasing lock on daemon addresses registry.
2021-12-09T02:25:27.011+0200 [DEBUG] [org.gradle.cache.internal.DefaultFileLockManager] Waiting to acquire shared lock on daemon addresses registry.
2021-12-09T02:25:27.011+0200 [DEBUG] [org.gradle.cache.internal.DefaultFileLockManager] Lock acquired on daemon addresses registry.
2021-12-09T02:25:27.012+0200 [DEBUG] [org.gradle.cache.internal.DefaultFileLockManager] Releasing lock on daemon addresses registry.
2021-12-09T02:25:27.014+0200 [DEBUG] [org.gradle.cache.internal.DefaultFileLockManager] Waiting to acquire shared lock on daemon addresses registry.
2021-12-09T02:25:27.014+0200 [DEBUG] [org.gradle.cache.internal.DefaultFileLockManager] Lock acquired on daemon addresses registry.
2021-12-09T02:25:27.015+0200 [DEBUG] [org.gradle.cache.internal.DefaultFileLockManager] Releasing lock on daemon addresses registry.
2021-12-09T02:25:27.016+0200 [DEBUG] [org.gradle.cache.internal.DefaultFileLockManager] Waiting to acquire shared lock on daemon addresses registry.
2021-12-09T02:25:27.017+0200 [DEBUG] [org.gradle.cache.internal.DefaultFileLockManager] Lock acquired on daemon addresses registry.
2021-12-09T02:25:27.017+0200 [DEBUG] [org.gradle.cache.internal.DefaultFileLockManager] Releasing lock on daemon addresses registry.
2021-12-09T02:25:37.002+0200 [DEBUG] [org.gradle.cache.internal.DefaultFileLockManager] Waiting to acquire shared lock on daemon addresses registry.
2021-12-09T02:25:37.002+0200 [DEBUG] [org.gradle.cache.internal.DefaultFileLockManager] Lock acquired on daemon addresses registry.
2021-12-09T02:25:37.003+0200 [DEBUG] [org.gradle.cache.internal.DefaultFileLockManager] Releasing lock on daemon addresses registry.
2021-12-09T02:25:37.005+0200 [DEBUG] [org.gradle.cache.internal.DefaultFileLockManager] Waiting to acquire shared lock on daemon addresses registry.
2021-12-09T02:25:37.006+0200 [DEBUG] [org.gradle.cache.internal.DefaultFileLockManager] Lock acquired on daemon addresses registry.
2021-12-09T02:25:37.007+0200 [DEBUG] [org.gradle.cache.internal.DefaultFileLockManager] Releasing lock on daemon addresses registry.
2021-12-09T02:25:37.009+0200 [DEBUG] [org.gradle.cache.internal.DefaultFileLockManager] Waiting to acquire shared lock on daemon addresses registry.
2021-12-09T02:25:37.009+0200 [DEBUG] [org.gradle.cache.internal.DefaultFileLockManager] Lock acquired on daemon addresses registry.
2021-12-09T02:25:37.010+0200 [DEBUG] [org.gradle.cache.internal.DefaultFileLockManager] Releasing lock on daemon addresses registry.
2021-12-09T02:25:47.005+0200 [DEBUG] [org.gradle.cache.internal.DefaultFileLockManager] Waiting to acquire shared lock on daemon addresses registry.
2021-12-09T02:25:47.007+0200 [DEBUG] [org.gradle.cache.internal.DefaultFileLockManager] Lock acquired on daemon addresses registry.
2021-12-09T02:25:47.008+0200 [DEBUG] [org.gradle.cache.internal.DefaultFileLockManager] Releasing lock on daemon addresses registry.
2021-12-09T02:25:47.010+0200 [DEBUG] [org.gradle.cache.internal.DefaultFileLockManager] Waiting to acquire shared lock on daemon addresses registry.
2021-12-09T02:25:47.011+0200 [DEBUG] [org.gradle.cache.internal.DefaultFileLockManager] Lock acquired on daemon addresses registry.
2021-12-09T02:25:47.012+0200 [DEBUG] [org.gradle.cache.internal.DefaultFileLockManager] Releasing lock on daemon addresses registry.
2021-12-09T02:25:47.014+0200 [DEBUG] [org.gradle.cache.internal.DefaultFileLockManager] Waiting to acquire shared lock on daemon addresses registry.
2021-12-09T02:25:47.015+0200 [DEBUG] [org.gradle.cache.internal.DefaultFileLockManager] Lock acquired on daemon addresses registry.
2021-12-09T02:25:47.016+0200 [DEBUG] [org.gradle.cache.internal.DefaultFileLockManager] Releasing lock on daemon addresses registry.
2021-12-09T02:25:57.016+0200 [DEBUG] [org.gradle.cache.internal.DefaultFileLockManager] Waiting to acquire shared lock on daemon addresses registry.
2021-12-09T02:25:57.017+0200 [DEBUG] [org.gradle.cache.internal.DefaultFileLockManager] Lock acquired on daemon addresses registry.
2021-12-09T02:25:57.018+0200 [DEBUG] [org.gradle.cache.internal.DefaultFileLockManager] Releasing lock on daemon addresses registry.
2021-12-09T02:25:57.022+0200 [DEBUG] [org.gradle.cache.internal.DefaultFileLockManager] Waiting to acquire shared lock on daemon addresses registry.
2021-12-09T02:25:57.023+0200 [DEBUG] [org.gradle.cache.internal.DefaultFileLockManager] Lock acquired on daemon addresses registry.
2021-12-09T02:25:57.025+0200 [DEBUG] [org.gradle.cache.internal.DefaultFileLockManager] Releasing lock on daemon addresses registry.
2021-12-09T02:25:57.028+0200 [DEBUG] [org.gradle.cache.internal.DefaultFileLockManager] Waiting to acquire shared lock on daemon addresses registry.
2021-12-09T02:25:57.029+0200 [DEBUG] [org.gradle.cache.internal.DefaultFileLockManager] Lock acquired on daemon addresses registry.
2021-12-09T02:25:57.031+0200 [DEBUG] [org.gradle.cache.internal.DefaultFileLockManager] Releasing lock on daemon addresses registry.
2021-12-09T02:26:02.812+0200 [DEBUG] [org.gradle.internal.remote.internal.inet.TcpIncomingConnector] Accepted connection from /127.0.0.1:61822 to /127.0.0.1:61794.
2021-12-09T02:26:02.837+0200 [DEBUG] [org.gradle.launcher.daemon.server.SynchronizedDispatchConnection] thread 54: received class org.gradle.launcher.daemon.protocol.Build
2021-12-09T02:26:02.837+0200 [DEBUG] [org.gradle.launcher.daemon.server.DefaultDaemonConnection] thread 54: Received non-IO message from client: Build{id=1ac90c0e-7307-414d-9841-7cdfddb069f4, currentDir=C:\Users\Mr.Mohamed Saeed\Desktop\my projects\MohammedSaeed\RunningTrackerApp}
2021-12-09T02:26:02.837+0200 [INFO] [org.gradle.launcher.daemon.server.DefaultIncomingConnectionHandler] Received command: Build{id=1ac90c0e-7307-414d-9841-7cdfddb069f4, currentDir=C:\Users\Mr.Mohamed Saeed\Desktop\my projects\MohammedSaeed\RunningTrackerApp}.
2021-12-09T02:26:02.838+0200 [DEBUG] [org.gradle.launcher.daemon.server.DefaultIncomingConnectionHandler] Starting executing command: Build{id=1ac90c0e-7307-414d-9841-7cdfddb069f4, currentDir=C:\Users\Mr.Mohamed Saeed\Desktop\my projects\MohammedSaeed\RunningTrackerApp} with connection: socket connection from /127.0.0.1:61794 to /127.0.0.1:61822.
2021-12-09T02:26:02.838+0200 [DEBUG] [org.gradle.launcher.daemon.server.DaemonStateCoordinator] Command execution: started DaemonCommandExecution[command = Build{id=1ac90c0e-7307-414d-9841-7cdfddb069f4, currentDir=C:\Users\Mr.Mohamed Saeed\Desktop\my projects\MohammedSaeed\RunningTrackerApp}, connection = DefaultDaemonConnection: socket connection from /127.0.0.1:61794 to /127.0.0.1:61822] after 1.0 minutes of idle
2021-12-09T02:26:02.838+0200 [INFO] [org.gradle.launcher.daemon.server.DaemonRegistryUpdater] Marking the daemon as busy, address: [5b3b9b6c-ea39-4858-970c-a448d1d6dfbe port:61794, addresses:[localhost/127.0.0.1]]
2021-12-09T02:26:02.839+0200 [DEBUG] [org.gradle.launcher.daemon.registry.PersistentDaemonRegistry] Marking busy by address: [5b3b9b6c-ea39-4858-970c-a448d1d6dfbe port:61794, addresses:[localhost/127.0.0.1]]
2021-12-09T02:26:02.839+0200 [DEBUG] [org.gradle.cache.internal.DefaultFileLockManager] Waiting to acquire exclusive lock on daemon addresses registry.
2021-12-09T02:26:02.840+0200 [DEBUG] [org.gradle.cache.internal.DefaultFileLockManager] Lock acquired on daemon addresses registry.
2021-12-09T02:26:02.842+0200 [DEBUG] [org.gradle.cache.internal.DefaultFileLockManager] Releasing lock on daemon addresses registry.
2021-12-09T02:26:02.843+0200 [DEBUG] [org.gradle.launcher.daemon.server.DaemonStateCoordinator] resetting idle timer
2021-12-09T02:26:02.843+0200 [DEBUG] [org.gradle.launcher.daemon.server.DaemonStateCoordinator] daemon is running. Sleeping until state changes.
2021-12-09T02:26:02.844+0200 [INFO] [org.gradle.launcher.daemon.server.exec.StartBuildOrRespondWithBusy] Daemon is about to start building Build{id=1ac90c0e-7307-414d-9841-7cdfddb069f4, currentDir=C:\Users\Mr.Mohamed Saeed\Desktop\my projects\MohammedSaeed\RunningTrackerApp}. Dispatching build started information...
2021-12-09T02:26:02.844+0200 [DEBUG] [org.gradle.launcher.daemon.server.SynchronizedDispatchConnection] thread 56: dispatching org.gradle.launcher.daemon.protocol.BuildStarted@713ce671
2021-12-09T02:26:02.846+0200 [DEBUG] [org.gradle.launcher.daemon.server.SynchronizedDispatchConnection] thread 54: received class org.gradle.launcher.daemon.protocol.CloseInput
2021-12-09T02:26:02.846+0200 [DEBUG] [org.gradle.launcher.daemon.server.exec.EstablishBuildEnvironment] Configuring env variables: [USERDOMAIN_ROAMINGPROFILE, LOCALAPPDATA, PROCESSOR_LEVEL, USERDOMAIN, LOGONSERVER, FPS_BROWSER_APP_PROFILE_STRING, JAVA_HOME, SESSIONNAME, ALLUSERSPROFILE, PROCESSOR_ARCHITECTURE, PSModulePath, SystemDrive, CMDER, APPDATA, USERNAME, ProgramFiles(x86), CommonProgramFiles, Path, FPS_BROWSER_USER_PROFILE_STRING, PATHEXT, DriverData, OS, DART_SDK, COMPUTERNAME, IntelliJ IDEA Community Edition, PROCESSOR_REVISION, CommonProgramW6432, ComSpec, PTSMINSTALLPATH_X86, ProgramData, ProgramW6432, TEMP, SystemRoot, HOMEPATH, PROCESSOR_IDENTIFIER, HOMEDRIVE, USERPROFILE, TMP, CommonProgramFiles(x86), PUBLIC, ProgramFiles, windir, NUMBER_OF_PROCESSORS, =::, IDEA_INITIAL_DIRECTORY]
2021-12-09T02:26:02.846+0200 [DEBUG] [org.gradle.launcher.daemon.server.DefaultDaemonConnection] thread 54: Received IO message from client: org.gradle.launcher.daemon.protocol.CloseInput@68afc465
2021-12-09T02:26:02.848+0200 [DEBUG] [org.gradle.launcher.daemon.server.exec.LogToClient] About to start relaying all logs to the client via the connection.
2021-12-09T02:26:02.848+0200 [INFO] [org.gradle.launcher.daemon.server.exec.LogToClient] The client will now receive all logging from the daemon (pid: 8108). The daemon log file: C:\Users\Mr.Mohamed Saeed\Desktop\my projects\MohammedSaeed\RunningTrackerApp\daemon\7.0.2\daemon-8108.out.log
2021-12-09T02:26:02.849+0200 [INFO] [org.gradle.launcher.daemon.server.exec.LogAndCheckHealth] Starting 2nd build in daemon [uptime: 1 mins 37.491 secs, performance: 99%]
2021-12-09T02:26:02.850+0200 [DEBUG] [org.gradle.launcher.daemon.server.exec.ExecuteBuild] The daemon has started executing the build.
2021-12-09T02:26:02.850+0200 [INFO] [org.gradle.launcher.daemon.server.exec.ForwardClientInput] Closing daemon's stdin at end of input.
2021-12-09T02:26:02.850+0200 [DEBUG] [org.gradle.launcher.daemon.server.exec.ExecuteBuild] Executing build with daemon context: DefaultDaemonContext[uid=e5f78c90-bb25-46e1-b3ff-a52d4dfadc1b,javaHome=C:\Program Files\Java\jdk1.8.0_221,daemonRegistryDir=C:\Users\Mr.Mohamed Saeed\Desktop\my projects\MohammedSaeed\RunningTrackerApp\daemon,pid=8108,idleTimeout=10800000,priority=NORMAL,daemonOpts=-Xmx2048m,-Dfile.encoding=UTF-8,-Duser.country=US,-Duser.language=en,-Duser.variant]
2021-12-09T02:26:02.851+0200 [INFO] [org.gradle.launcher.daemon.server.exec.ForwardClientInput] The daemon will no longer process any standard input.

FAILURE: Build failed with an exception.

* Where:
Build file 'C:\Users\Mr.Mohamed Saeed\Desktop\my projects\MohammedSaeed\RunningTrackerApp\app\build.gradle' line: 2

* What went wrong:
An exception occurred applying plugin request [id: 'com.android.application']
> Failed to apply plugin 'com.android.internal.application'.
   > Android Gradle plugin requires Java 11 to run. You are currently using Java 1.8.
     You can try some of the following options:
       - changing the IDE settings.
       - changing the JAVA_HOME environment variable.
       - changing `org.gradle.java.home` in `gradle.properties`.

* Try:
Run with --stacktrace option to get the stack trace. Run with --info or --debug option to get more log output. Run with --scan to get full insights.

* Get more help at https://help.gradle.org

BUILD FAILED in 491ms
2021-12-09T02:26:03.321+0200 [DEBUG] [org.gradle.launcher.daemon.server.exec.ExecuteBuild] The daemon has finished executing the build.
2021-12-09T02:26:03.338+0200 [DEBUG] [org.gradle.launcher.daemon.server.DaemonStateCoordinator] daemon is running. Sleeping until state changes.
2021-12-09T02:26:03.339+0200 [DEBUG] [org.gradle.launcher.daemon.server.DaemonStateCoordinator] Command execution: finished waiting for DaemonCommandExecution[command = Build{id=1ac90c0e-7307-414d-9841-7cdfddb069f4, currentDir=C:\Users\Mr.Mohamed Saeed\Desktop\my projects\MohammedSaeed\RunningTrackerApp}, connection = DefaultDaemonConnection: socket connection from /127.0.0.1:61794 to /127.0.0.1:61822]. Result org.gradle.launcher.daemon.server.DaemonStateCoordinator@634a02dc with state Busy
2021-12-09T02:26:03.339+0200 [DEBUG] [org.gradle.launcher.daemon.server.DaemonStateCoordinator] Command execution: completed DaemonCommandExecution[command = Build{id=1ac90c0e-7307-414d-9841-7cdfddb069f4, currentDir=C:\Users\Mr.Mohamed Saeed\Desktop\my projects\MohammedSaeed\RunningTrackerApp}, connection = DefaultDaemonConnection: socket connection from /127.0.0.1:61794 to /127.0.0.1:61822]
2021-12-09T02:26:03.339+0200 [DEBUG] [org.gradle.launcher.daemon.server.DaemonStateCoordinator] resetting idle timer
2021-12-09T02:26:03.339+0200 [INFO] [org.gradle.launcher.daemon.server.DaemonRegistryUpdater] Marking the daemon as idle, address: [5b3b9b6c-ea39-4858-970c-a448d1d6dfbe port:61794, addresses:[localhost/127.0.0.1]]
2021-12-09T02:26:03.340+0200 [DEBUG] [org.gradle.launcher.daemon.registry.PersistentDaemonRegistry] Marking busy by address: [5b3b9b6c-ea39-4858-970c-a448d1d6dfbe port:61794, addresses:[localhost/127.0.0.1]]
2021-12-09T02:26:03.342+0200 [DEBUG] [org.gradle.cache.internal.DefaultFileLockManager] Waiting to acquire exclusive lock on daemon addresses registry.
2021-12-09T02:26:03.342+0200 [DEBUG] [org.gradle.cache.internal.DefaultFileLockManager] Lock acquired on daemon addresses registry.
2021-12-09T02:26:03.344+0200 [DEBUG] [org.gradle.cache.internal.DefaultFileLockManager] Releasing lock on daemon addresses registry.
2021-12-09T02:26:03.345+0200 [DEBUG] [org.gradle.launcher.daemon.server.DaemonStateCoordinator] daemon is running. Sleeping until state changes.
2021-12-09T02:26:03.345+0200 [DEBUG] [org.gradle.launcher.daemon.server.exec.ReturnResult] Daemon is dispatching the build result: Success[value=org.gradle.launcher.exec.BuildActionResult@6b944d13]
2021-12-09T02:26:03.346+0200 [DEBUG] [org.gradle.launcher.daemon.server.SynchronizedDispatchConnection] thread 53: dispatching Success[value=org.gradle.launcher.exec.BuildActionResult@6b944d13]
2021-12-09T02:26:03.349+0200 [DEBUG] [org.gradle.launcher.daemon.server.DefaultIncomingConnectionHandler] Finishing executing command: Build{id=1ac90c0e-7307-414d-9841-7cdfddb069f4, currentDir=C:\Users\Mr.Mohamed Saeed\Desktop\my projects\MohammedSaeed\RunningTrackerApp}
2021-12-09T02:26:03.377+0200 [DEBUG] [org.gradle.launcher.daemon.server.SynchronizedDispatchConnection] thread 54: received class org.gradle.launcher.daemon.protocol.Finished
2021-12-09T02:26:03.377+0200 [DEBUG] [org.gradle.launcher.daemon.server.DefaultDaemonConnection] thread 54: Received non-IO message from client: org.gradle.launcher.daemon.protocol.Finished@66683700
2021-12-09T02:26:03.378+0200 [DEBUG] [org.gradle.internal.remote.internal.inet.SocketConnection] Discarding EOFException: java.io.EOFException
2021-12-09T02:26:03.378+0200 [DEBUG] [org.gradle.launcher.daemon.server.DefaultIncomingConnectionHandler] Received finished message: org.gradle.launcher.daemon.protocol.Finished@66683700
2021-12-09T02:26:03.378+0200 [DEBUG] [org.gradle.launcher.daemon.server.SynchronizedDispatchConnection] thread 54: received null
2021-12-09T02:26:03.379+0200 [DEBUG] [org.gradle.launcher.daemon.server.SynchronizedDispatchConnection] thread 53: stopping connection
2021-12-09T02:26:03.380+0200 [DEBUG] [org.gradle.launcher.daemon.server.DefaultDaemonConnection] thread 54: Received end-of-input from client.
2021-12-09T02:26:03.382+0200 [DEBUG] [org.gradle.launcher.daemon.server.SynchronizedDispatchConnection] thread 53: stopping connection
2021-12-09T02:26:07.011+0200 [DEBUG] [org.gradle.cache.internal.DefaultFileLockManager] Waiting to acquire shared lock on daemon addresses registry.
2021-12-09T02:26:07.012+0200 [DEBUG] [org.gradle.cache.internal.DefaultFileLockManager] Lock acquired on daemon addresses registry.
2021-12-09T02:26:07.012+0200 [DEBUG] [org.gradle.cache.internal.DefaultFileLockManager] Releasing lock on daemon addresses registry.
2021-12-09T02:26:07.014+0200 [DEBUG] [org.gradle.cache.internal.DefaultFileLockManager] Waiting to acquire shared lock on daemon addresses registry.
2021-12-09T02:26:07.015+0200 [DEBUG] [org.gradle.cache.internal.DefaultFileLockManager] Lock acquired on daemon addresses registry.
2021-12-09T02:26:07.016+0200 [DEBUG] [org.gradle.cache.internal.DefaultFileLockManager] Releasing lock on daemon addresses registry.
2021-12-09T02:26:07.956+0200 [DEBUG] [org.gradle.internal.remote.internal.inet.TcpIncomingConnector] Accepted connection from /127.0.0.1:61829 to /127.0.0.1:61794.
2021-12-09T02:26:07.965+0200 [DEBUG] [org.gradle.launcher.daemon.server.SynchronizedDispatchConnection] thread 74: received class org.gradle.launcher.daemon.protocol.StopWhenIdle
2021-12-09T02:26:07.966+0200 [DEBUG] [org.gradle.launcher.daemon.server.DefaultDaemonConnection] thread 74: Received non-IO message from client: StopWhenIdle[id=9026d53f-8312-4572-95a8-751373495dc5]
2021-12-09T02:26:07.967+0200 [INFO] [org.gradle.launcher.daemon.server.DefaultIncomingConnectionHandler] Received command: StopWhenIdle[id=9026d53f-8312-4572-95a8-751373495dc5].
2021-12-09T02:26:07.967+0200 [DEBUG] [org.gradle.launcher.daemon.server.DefaultIncomingConnectionHandler] Starting executing command: StopWhenIdle[id=9026d53f-8312-4572-95a8-751373495dc5] with connection: socket connection from /127.0.0.1:61794 to /127.0.0.1:61829.
2021-12-09T02:26:07.969+0200 [DEBUG] [org.gradle.launcher.daemon.server.DaemonRegistryUpdater] Storing daemon stop event: stop command received
2021-12-09T02:26:07.971+0200 [DEBUG] [org.gradle.launcher.daemon.registry.PersistentDaemonRegistry] Storing daemon stop event with timestamp 1639009567970
2021-12-09T02:26:07.973+0200 [DEBUG] [org.gradle.cache.internal.DefaultFileLockManager] Waiting to acquire exclusive lock on daemon addresses registry.
2021-12-09T02:26:07.981+0200 [DEBUG] [org.gradle.cache.internal.DefaultFileLockManager] Lock acquired on daemon addresses registry.
2021-12-09T02:26:07.985+0200 [DEBUG] [org.gradle.cache.internal.DefaultFileLockManager] Releasing lock on daemon addresses registry.
2021-12-09T02:26:07.989+0200 [LIFECYCLE] [org.gradle.launcher.daemon.server.DaemonStateCoordinator] Daemon will be stopped at the end of the build stop command received
2021-12-09T02:26:07.989+0200 [DEBUG] [org.gradle.launcher.daemon.server.DaemonStateCoordinator] Marking daemon stopped due to stop command received. The daemon is running a build: false
2021-12-09T02:26:07.989+0200 [DEBUG] [org.gradle.launcher.daemon.server.SynchronizedDispatchConnection] thread 53: dispatching Success[value=null]
2021-12-09T02:26:07.990+0200 [DEBUG] [org.gradle.launcher.daemon.server.DefaultIncomingConnectionHandler] Finishing executing command: StopWhenIdle[id=9026d53f-8312-4572-95a8-751373495dc5]
2021-12-09T02:26:07.991+0200 [DEBUG] [org.gradle.launcher.daemon.server.SynchronizedDispatchConnection] thread 74: received class org.gradle.launcher.daemon.protocol.Finished
2021-12-09T02:26:07.991+0200 [DEBUG] [org.gradle.launcher.daemon.server.DefaultDaemonConnection] thread 74: Received non-IO message from client: org.gradle.launcher.daemon.protocol.Finished@7768817e
2021-12-09T02:26:07.991+0200 [DEBUG] [org.gradle.launcher.daemon.server.DefaultIncomingConnectionHandler] Received finished message: org.gradle.launcher.daemon.protocol.Finished@7768817e
2021-12-09T02:26:07.992+0200 [DEBUG] [org.gradle.internal.remote.internal.inet.SocketConnection] Discarding EOFException: java.io.EOFException
2021-12-09T02:26:07.992+0200 [DEBUG] [org.gradle.launcher.daemon.server.SynchronizedDispatchConnection] thread 74: received null
2021-12-09T02:26:07.990+0200 [DEBUG] [org.gradle.launcher.daemon.server.DaemonStateCoordinator] daemon has stopped.
2021-12-09T02:26:07.992+0200 [DEBUG] [org.gradle.launcher.daemon.server.SynchronizedDispatchConnection] thread 53: stopping connection
2021-12-09T02:26:07.992+0200 [DEBUG] [org.gradle.launcher.daemon.server.DefaultDaemonConnection] thread 74: Received end-of-input from client.
2021-12-09T02:26:07.993+0200 [DEBUG] [org.gradle.launcher.daemon.server.Daemon] stop() called on daemon
2021-12-09T02:26:07.993+0200 [INFO] [org.gradle.launcher.daemon.server.Daemon] Stop requested. Daemon is removing its presence from the registry...
2021-12-09T02:26:07.996+0200 [DEBUG] [org.gradle.launcher.daemon.server.SynchronizedDispatchConnection] thread 53: stopping connection
2021-12-09T02:26:07.996+0200 [DEBUG] [org.gradle.launcher.daemon.server.DaemonRegistryUpdater] Removing our presence to clients, eg. removing this address from the registry: [5b3b9b6c-ea39-4858-970c-a448d1d6dfbe port:61794, addresses:[localhost/127.0.0.1]]
2021-12-09T02:26:07.996+0200 [DEBUG] [org.gradle.launcher.daemon.registry.PersistentDaemonRegistry] Removing daemon address: [5b3b9b6c-ea39-4858-970c-a448d1d6dfbe port:61794, addresses:[localhost/127.0.0.1]]
2021-12-09T02:26:08.070+0200 [DEBUG] [org.gradle.cache.internal.DefaultFileLockManager] Waiting to acquire exclusive lock on daemon addresses registry.
2021-12-09T02:26:08.074+0200 [DEBUG] [org.gradle.cache.internal.DefaultFileLockManager] Lock acquired on daemon addresses registry.
2021-12-09T02:26:08.083+0200 [DEBUG] [org.gradle.cache.internal.DefaultFileLockManager] Releasing lock on daemon addresses registry.
2021-12-09T02:26:08.084+0200 [DEBUG] [org.gradle.launcher.daemon.server.DaemonRegistryUpdater] Address removed from registry.
2021-12-09T02:26:08.103+0200 [DEBUG] [org.gradle.cache.internal.LockOnDemandCrossProcessCacheAccess] Releasing file lock for jars (C:\Users\Mr.Mohamed Saeed\Desktop\my projects\MohammedSaeed\RunningTrackerApp\caches\jars-8)
2021-12-09T02:26:08.103+0200 [DEBUG] [org.gradle.cache.internal.DefaultFileLockManager] Releasing lock on jars (C:\Users\Mr.Mohamed Saeed\Desktop\my projects\MohammedSaeed\RunningTrackerApp\caches\jars-8).
2021-12-09T02:26:08.105+0200 [DEBUG] [org.gradle.cache.internal.DefaultPersistentDirectoryStore] jars (C:\Users\Mr.Mohamed Saeed\Desktop\my projects\MohammedSaeed\RunningTrackerApp\caches\jars-8) has last been fully cleaned up 6 hours ago
2021-12-09T02:26:08.157+0200 [DEBUG] [org.gradle.cache.internal.LockOnDemandCrossProcessCacheAccess] Releasing file lock for file content cache (C:\Users\Mr.Mohamed Saeed\Desktop\my projects\MohammedSaeed\RunningTrackerApp\caches\7.0.2\fileContent)
2021-12-09T02:26:08.157+0200 [DEBUG] [org.gradle.cache.internal.DefaultFileLockManager] Releasing lock on file content cache (C:\Users\Mr.Mohamed Saeed\Desktop\my projects\MohammedSaeed\RunningTrackerApp\caches\7.0.2\fileContent).
2021-12-09T02:26:08.191+0200 [DEBUG] [org.gradle.internal.watch.registry.impl.DefaultFileWatcherRegistry] Finished listening to file system change events
2021-12-09T02:26:08.192+0200 [DEBUG] [org.gradle.cache.internal.DefaultPersistentDirectoryStore] Artifact transforms cache (C:\Users\Mr.Mohamed Saeed\Desktop\my projects\MohammedSaeed\RunningTrackerApp\caches\transforms-3) has last been fully cleaned up 6 hours ago
2021-12-09T02:26:08.192+0200 [DEBUG] [org.gradle.cache.internal.DefaultCacheAccess] Cache Artifact transforms cache (C:\Users\Mr.Mohamed Saeed\Desktop\my projects\MohammedSaeed\RunningTrackerApp\caches\transforms-3) was closed 0 times.
2021-12-09T02:26:08.192+0200 [DEBUG] [org.gradle.cache.internal.LockOnDemandCrossProcessCacheAccess] Releasing file lock for artifact cache (C:\Users\Mr.Mohamed Saeed\Desktop\my projects\MohammedSaeed\RunningTrackerApp\caches\modules-2)
2021-12-09T02:26:08.193+0200 [DEBUG] [org.gradle.cache.internal.btree.BTreePersistentIndexedCache] Closing cache module-metadata.bin (C:\Users\Mr.Mohamed Saeed\Desktop\my projects\MohammedSaeed\RunningTrackerApp\caches\modules-2\metadata-2.97\module-metadata.bin)
2021-12-09T02:26:08.194+0200 [DEBUG] [org.gradle.cache.internal.btree.BTreePersistentIndexedCache] Closing cache module-artifact.bin (C:\Users\Mr.Mohamed Saeed\Desktop\my projects\MohammedSaeed\RunningTrackerApp\caches\modules-2\metadata-2.97\module-artifact.bin)
2021-12-09T02:26:08.195+0200 [DEBUG] [org.gradle.cache.internal.DefaultFileLockManager] Releasing lock on artifact cache (C:\Users\Mr.Mohamed Saeed\Desktop\my projects\MohammedSaeed\RunningTrackerApp\caches\modules-2).
2021-12-09T02:26:08.197+0200 [DEBUG] [org.gradle.cache.internal.DefaultPersistentDirectoryStore] artifact cache (C:\Users\Mr.Mohamed Saeed\Desktop\my projects\MohammedSaeed\RunningTrackerApp\caches\modules-2) has last been fully cleaned up 6 hours ago
2021-12-09T02:26:08.198+0200 [DEBUG] [org.gradle.cache.internal.DefaultCacheAccess] Cache Generated Gradle JARs cache (C:\Users\Mr.Mohamed Saeed\Desktop\my projects\MohammedSaeed\RunningTrackerApp\caches\7.0.2\generated-gradle-jars) was closed 0 times.
2021-12-09T02:26:08.200+0200 [DEBUG] [org.gradle.cache.internal.LockOnDemandCrossProcessCacheAccess] Releasing file lock for journal cache (C:\Users\Mr.Mohamed Saeed\Desktop\my projects\MohammedSaeed\RunningTrackerApp\caches\journal-1)
2021-12-09T02:26:08.201+0200 [DEBUG] [org.gradle.cache.internal.btree.BTreePersistentIndexedCache] Closing cache file-access.bin (C:\Users\Mr.Mohamed Saeed\Desktop\my projects\MohammedSaeed\RunningTrackerApp\caches\journal-1\file-access.bin)
2021-12-09T02:26:08.202+0200 [DEBUG] [org.gradle.cache.internal.DefaultFileLockManager] Releasing lock on journal cache (C:\Users\Mr.Mohamed Saeed\Desktop\my projects\MohammedSaeed\RunningTrackerApp\caches\journal-1).
2021-12-09T02:26:08.208+0200 [DEBUG] [org.gradle.cache.internal.LockOnDemandCrossProcessCacheAccess] Releasing file lock for file hash cache (C:\Users\Mr.Mohamed Saeed\Desktop\my projects\MohammedSaeed\RunningTrackerApp\caches\7.0.2\fileHashes)
2021-12-09T02:26:08.209+0200 [DEBUG] [org.gradle.cache.internal.btree.BTreePersistentIndexedCache] Closing cache fileHashes.bin (C:\Users\Mr.Mohamed Saeed\Desktop\my projects\MohammedSaeed\RunningTrackerApp\caches\7.0.2\fileHashes\fileHashes.bin)
2021-12-09T02:26:08.209+0200 [DEBUG] [org.gradle.cache.internal.btree.BTreePersistentIndexedCache] Closing cache resourceHashesCache.bin (C:\Users\Mr.Mohamed Saeed\Desktop\my projects\MohammedSaeed\RunningTrackerApp\caches\7.0.2\fileHashes\resourceHashesCache.bin)
2021-12-09T02:26:08.210+0200 [DEBUG] [org.gradle.cache.internal.DefaultFileLockManager] Releasing lock on file hash cache (C:\Users\Mr.Mohamed Saeed\Desktop\my projects\MohammedSaeed\RunningTrackerApp\caches\7.0.2\fileHashes).
2021-12-09T02:26:08.214+0200 [DEBUG] [org.gradle.cache.internal.LockOnDemandCrossProcessCacheAccess] Releasing file lock for execution history cache (C:\Users\Mr.Mohamed Saeed\Desktop\my projects\MohammedSaeed\RunningTrackerApp\caches\7.0.2\executionHistory)
2021-12-09T02:26:08.215+0200 [DEBUG] [org.gradle.cache.internal.DefaultFileLockManager] Releasing lock on execution history cache (C:\Users\Mr.Mohamed Saeed\Desktop\my projects\MohammedSaeed\RunningTrackerApp\caches\7.0.2\executionHistory).
Daemon vm is shutting down... The daemon has exited normally or was terminated in response to a user interrupt.
2021-12-09T02:26:08.241+0200 [DEBUG] [org.gradle.launcher.daemon.registry.PersistentDaemonRegistry] Removing daemon address: [5b3b9b6c-ea39-4858-970c-a448d1d6dfbe port:61794, addresses:[localhost/127.0.0.1]]
2021-12-09T02:26:08.249+0200 [DEBUG] [org.gradle.cache.internal.DefaultFileLockManager] Waiting to acquire exclusive lock on daemon addresses registry.
2021-12-09T02:26:08.250+0200 [DEBUG] [org.gradle.cache.internal.DefaultFileLockManager] Lock acquired on daemon addresses registry.
2021-12-09T02:26:08.252+0200 [DEBUG] [org.gradle.cache.internal.DefaultFileLockManager] Releasing lock on daemon addresses registry.
